DDI-MedLine.d179.s2|DDI-MedLine.d179.s2.e0|DDI-MedLine.d179.s2.e1|mechanism
DDI-MedLine.d179.s2|DDI-MedLine.d179.s2.e0|DDI-MedLine.d179.s2.e2|mechanism
DDI-DrugBank.d22.s2|DDI-DrugBank.d22.s2.e0|DDI-DrugBank.d22.s2.e1|effect
DDI-DrugBank.d318.s10|DDI-DrugBank.d318.s10.e0|DDI-DrugBank.d318.s10.e2|mechanism
DDI-DrugBank.d318.s10|DDI-DrugBank.d318.s10.e1|DDI-DrugBank.d318.s10.e2|mechanism
DDI-DrugBank.d253.s1|DDI-DrugBank.d253.s1.e0|DDI-DrugBank.d253.s1.e1|advise
DDI-DrugBank.d509.s0|DDI-DrugBank.d509.s0.e0|DDI-DrugBank.d509.s0.e1|advise
DDI-DrugBank.d509.s0|DDI-DrugBank.d509.s0.e1|DDI-DrugBank.d509.s0.e2|advise
DDI-DrugBank.d509.s0|DDI-DrugBank.d509.s0.e1|DDI-DrugBank.d509.s0.e3|advise
DDI-DrugBank.d509.s20|DDI-DrugBank.d509.s20.e0|DDI-DrugBank.d509.s20.e1|advise
DDI-DrugBank.d509.s28|DDI-DrugBank.d509.s28.e0|DDI-DrugBank.d509.s28.e1|advise
DDI-DrugBank.d73.s2|DDI-DrugBank.d73.s2.e0|DDI-DrugBank.d73.s2.e1|effect
DDI-DrugBank.d73.s3|DDI-DrugBank.d73.s3.e0|DDI-DrugBank.d73.s3.e1|effect
DDI-DrugBank.d73.s4|DDI-DrugBank.d73.s4.e0|DDI-DrugBank.d73.s4.e1|advise
DDI-DrugBank.d73.s6|DDI-DrugBank.d73.s6.e0|DDI-DrugBank.d73.s6.e1|effect
DDI-DrugBank.d489.s2|DDI-DrugBank.d489.s2.e0|DDI-DrugBank.d489.s2.e1|effect
DDI-DrugBank.d489.s5|DDI-DrugBank.d489.s5.e0|DDI-DrugBank.d489.s5.e1|advise
DDI-DrugBank.d213.s1|DDI-DrugBank.d213.s1.e0|DDI-DrugBank.d213.s1.e2|effect
DDI-DrugBank.d213.s1|DDI-DrugBank.d213.s1.e1|DDI-DrugBank.d213.s1.e2|effect
DDI-DrugBank.d269.s5|DDI-DrugBank.d269.s5.e0|DDI-DrugBank.d269.s5.e1|advise
DDI-DrugBank.d269.s5|DDI-DrugBank.d269.s5.e1|DDI-DrugBank.d269.s5.e2|advise
DDI-DrugBank.d269.s11|DDI-DrugBank.d269.s11.e1|DDI-DrugBank.d269.s11.e2|mechanism
DDI-DrugBank.d269.s11|DDI-DrugBank.d269.s11.e1|DDI-DrugBank.d269.s11.e3|mechanism
DDI-DrugBank.d269.s13|DDI-DrugBank.d269.s13.e0|DDI-DrugBank.d269.s13.e1|advise
DDI-DrugBank.d269.s17|DDI-DrugBank.d269.s17.e1|DDI-DrugBank.d269.s17.e2|advise
DDI-DrugBank.d172.s10|DDI-DrugBank.d172.s10.e0|DDI-DrugBank.d172.s10.e1|advise
DDI-DrugBank.d172.s18|DDI-DrugBank.d172.s18.e0|DDI-DrugBank.d172.s18.e1|advise
DDI-DrugBank.d172.s20|DDI-DrugBank.d172.s20.e0|DDI-DrugBank.d172.s20.e1|advise
DDI-DrugBank.d287.s0|DDI-DrugBank.d287.s0.e0|DDI-DrugBank.d287.s0.e1|advise
DDI-DrugBank.d110.s5|DDI-DrugBank.d110.s5.e0|DDI-DrugBank.d110.s5.e1|advise
DDI-DrugBank.d429.s2|DDI-DrugBank.d429.s2.e1|DDI-DrugBank.d429.s2.e2|mechanism
DDI-DrugBank.d446.s0|DDI-DrugBank.d446.s0.e0|DDI-DrugBank.d446.s0.e1|int
DDI-DrugBank.d446.s0|DDI-DrugBank.d446.s0.e0|DDI-DrugBank.d446.s0.e2|int
DDI-DrugBank.d446.s0|DDI-DrugBank.d446.s0.e0|DDI-DrugBank.d446.s0.e3|int
DDI-DrugBank.d446.s0|DDI-DrugBank.d446.s0.e0|DDI-DrugBank.d446.s0.e4|int
DDI-DrugBank.d446.s0|DDI-DrugBank.d446.s0.e0|DDI-DrugBank.d446.s0.e5|int
DDI-DrugBank.d245.s0|DDI-DrugBank.d245.s0.e0|DDI-DrugBank.d245.s0.e1|effect
DDI-DrugBank.d245.s0|DDI-DrugBank.d245.s0.e0|DDI-DrugBank.d245.s0.e2|effect
DDI-DrugBank.d245.s0|DDI-DrugBank.d245.s0.e0|DDI-DrugBank.d245.s0.e3|effect
DDI-DrugBank.d245.s0|DDI-DrugBank.d245.s0.e0|DDI-DrugBank.d245.s0.e4|effect
DDI-DrugBank.d245.s0|DDI-DrugBank.d245.s0.e0|DDI-DrugBank.d245.s0.e5|effect
DDI-DrugBank.d245.s0|DDI-DrugBank.d245.s0.e0|DDI-DrugBank.d245.s0.e6|effect
DDI-DrugBank.d245.s0|DDI-DrugBank.d245.s0.e0|DDI-DrugBank.d245.s0.e7|effect
DDI-DrugBank.d245.s0|DDI-DrugBank.d245.s0.e0|DDI-DrugBank.d245.s0.e8|effect
DDI-DrugBank.d245.s7|DDI-DrugBank.d245.s7.e0|DDI-DrugBank.d245.s7.e1|advise
DDI-DrugBank.d245.s7|DDI-DrugBank.d245.s7.e0|DDI-DrugBank.d245.s7.e2|advise
DDI-DrugBank.d237.s8|DDI-DrugBank.d237.s8.e0|DDI-DrugBank.d237.s8.e1|mechanism
DDI-DrugBank.d237.s11|DDI-DrugBank.d237.s11.e0|DDI-DrugBank.d237.s11.e1|effect
DDI-DrugBank.d237.s14|DDI-DrugBank.d237.s14.e0|DDI-DrugBank.d237.s14.e1|advise
DDI-DrugBank.d237.s14|DDI-DrugBank.d237.s14.e0|DDI-DrugBank.d237.s14.e2|advise
DDI-DrugBank.d237.s14|DDI-DrugBank.d237.s14.e0|DDI-DrugBank.d237.s14.e3|advise
DDI-DrugBank.d237.s14|DDI-DrugBank.d237.s14.e0|DDI-DrugBank.d237.s14.e4|advise
DDI-DrugBank.d250.s3|DDI-DrugBank.d250.s3.e0|DDI-DrugBank.d250.s3.e1|effect
DDI-DrugBank.d250.s4|DDI-DrugBank.d250.s4.e0|DDI-DrugBank.d250.s4.e1|advise
DDI-DrugBank.d317.s4|DDI-DrugBank.d317.s4.e0|DDI-DrugBank.d317.s4.e1|effect
DDI-DrugBank.d317.s5|DDI-DrugBank.d317.s5.e0|DDI-DrugBank.d317.s5.e1|effect
DDI-DrugBank.d439.s0|DDI-DrugBank.d439.s0.e0|DDI-DrugBank.d439.s0.e1|effect
DDI-DrugBank.d69.s0|DDI-DrugBank.d69.s0.e0|DDI-DrugBank.d69.s0.e1|effect
DDI-DrugBank.d69.s1|DDI-DrugBank.d69.s1.e0|DDI-DrugBank.d69.s1.e1|advise
DDI-DrugBank.d69.s1|DDI-DrugBank.d69.s1.e0|DDI-DrugBank.d69.s1.e2|advise
DDI-DrugBank.d223.s20|DDI-DrugBank.d223.s20.e0|DDI-DrugBank.d223.s20.e1|advise
DDI-DrugBank.d223.s23|DDI-DrugBank.d223.s23.e0|DDI-DrugBank.d223.s23.e1|mechanism
DDI-DrugBank.d44.s1|DDI-DrugBank.d44.s1.e0|DDI-DrugBank.d44.s1.e1|advise
DDI-DrugBank.d531.s29|DDI-DrugBank.d531.s29.e0|DDI-DrugBank.d531.s29.e1|effect
DDI-DrugBank.d531.s30|DDI-DrugBank.d531.s30.e0|DDI-DrugBank.d531.s30.e1|effect
DDI-DrugBank.d531.s42|DDI-DrugBank.d531.s42.e0|DDI-DrugBank.d531.s42.e1|effect
DDI-DrugBank.d531.s79|DDI-DrugBank.d531.s79.e0|DDI-DrugBank.d531.s79.e2|effect
DDI-DrugBank.d107.s8|DDI-DrugBank.d107.s8.e0|DDI-DrugBank.d107.s8.e1|effect
DDI-DrugBank.d107.s9|DDI-DrugBank.d107.s9.e0|DDI-DrugBank.d107.s9.e1|advise
DDI-DrugBank.d107.s17|DDI-DrugBank.d107.s17.e0|DDI-DrugBank.d107.s17.e1|advise
DDI-DrugBank.d107.s17|DDI-DrugBank.d107.s17.e0|DDI-DrugBank.d107.s17.e2|advise
DDI-DrugBank.d107.s17|DDI-DrugBank.d107.s17.e1|DDI-DrugBank.d107.s17.e2|advise
DDI-DrugBank.d395.s1|DDI-DrugBank.d395.s1.e0|DDI-DrugBank.d395.s1.e1|advise
DDI-DrugBank.d395.s7|DDI-DrugBank.d395.s7.e1|DDI-DrugBank.d395.s7.e2|mechanism
DDI-DrugBank.d395.s18|DDI-DrugBank.d395.s18.e0|DDI-DrugBank.d395.s18.e1|effect
DDI-DrugBank.d395.s21|DDI-DrugBank.d395.s21.e1|DDI-DrugBank.d395.s21.e2|mechanism
DDI-DrugBank.d395.s25|DDI-DrugBank.d395.s25.e0|DDI-DrugBank.d395.s25.e1|advise
DDI-DrugBank.d359.s1|DDI-DrugBank.d359.s1.e0|DDI-DrugBank.d359.s1.e1|advise
DDI-DrugBank.d359.s1|DDI-DrugBank.d359.s1.e0|DDI-DrugBank.d359.s1.e2|advise
DDI-DrugBank.d359.s6|DDI-DrugBank.d359.s6.e0|DDI-DrugBank.d359.s6.e1|advise
DDI-DrugBank.d219.s0|DDI-DrugBank.d219.s0.e1|DDI-DrugBank.d219.s0.e2|effect
DDI-DrugBank.d219.s1|DDI-DrugBank.d219.s1.e0|DDI-DrugBank.d219.s1.e1|advise
DDI-DrugBank.d219.s19|DDI-DrugBank.d219.s19.e1|DDI-DrugBank.d219.s19.e2|mechanism
DDI-DrugBank.d219.s25|DDI-DrugBank.d219.s25.e0|DDI-DrugBank.d219.s25.e1|advise
DDI-DrugBank.d219.s26|DDI-DrugBank.d219.s26.e0|DDI-DrugBank.d219.s26.e1|advise
DDI-DrugBank.d104.s0|DDI-DrugBank.d104.s0.e0|DDI-DrugBank.d104.s0.e1|effect
DDI-DrugBank.d104.s0|DDI-DrugBank.d104.s0.e0|DDI-DrugBank.d104.s0.e4|effect
DDI-DrugBank.d104.s1|DDI-DrugBank.d104.s1.e0|DDI-DrugBank.d104.s1.e1|advise
DDI-DrugBank.d776.s5|DDI-DrugBank.d776.s5.e0|DDI-DrugBank.d776.s5.e1|advise
DDI-DrugBank.d776.s5|DDI-DrugBank.d776.s5.e0|DDI-DrugBank.d776.s5.e2|advise
DDI-DrugBank.d776.s5|DDI-DrugBank.d776.s5.e1|DDI-DrugBank.d776.s5.e2|advise
DDI-DrugBank.d776.s8|DDI-DrugBank.d776.s8.e0|DDI-DrugBank.d776.s8.e1|effect
DDI-DrugBank.d776.s10|DDI-DrugBank.d776.s10.e1|DDI-DrugBank.d776.s10.e2|mechanism
DDI-DrugBank.d776.s14|DDI-DrugBank.d776.s14.e0|DDI-DrugBank.d776.s14.e2|advise
DDI-DrugBank.d776.s16|DDI-DrugBank.d776.s16.e1|DDI-DrugBank.d776.s16.e2|mechanism
DDI-DrugBank.d776.s18|DDI-DrugBank.d776.s18.e1|DDI-DrugBank.d776.s18.e2|mechanism
DDI-DrugBank.d776.s23|DDI-DrugBank.d776.s23.e0|DDI-DrugBank.d776.s23.e1|effect
DDI-DrugBank.d776.s27|DDI-DrugBank.d776.s27.e0|DDI-DrugBank.d776.s27.e1|effect
DDI-DrugBank.d776.s32|DDI-DrugBank.d776.s32.e0|DDI-DrugBank.d776.s32.e1|advise
DDI-DrugBank.d776.s34|DDI-DrugBank.d776.s34.e0|DDI-DrugBank.d776.s34.e1|advise
DDI-DrugBank.d776.s37|DDI-DrugBank.d776.s37.e0|DDI-DrugBank.d776.s37.e1|advise
DDI-DrugBank.d776.s37|DDI-DrugBank.d776.s37.e0|DDI-DrugBank.d776.s37.e2|advise
DDI-DrugBank.d78.s6|DDI-DrugBank.d78.s6.e1|DDI-DrugBank.d78.s6.e2|mechanism
DDI-DrugBank.d17.s12|DDI-DrugBank.d17.s12.e0|DDI-DrugBank.d17.s12.e1|effect
DDI-DrugBank.d17.s28|DDI-DrugBank.d17.s28.e0|DDI-DrugBank.d17.s28.e1|effect
DDI-DrugBank.d17.s31|DDI-DrugBank.d17.s31.e0|DDI-DrugBank.d17.s31.e1|effect
DDI-DrugBank.d308.s1|DDI-DrugBank.d308.s1.e0|DDI-DrugBank.d308.s1.e1|advise
DDI-DrugBank.d308.s3|DDI-DrugBank.d308.s3.e0|DDI-DrugBank.d308.s3.e1|advise
DDI-DrugBank.d97.s59|DDI-DrugBank.d97.s59.e0|DDI-DrugBank.d97.s59.e1|advise
DDI-DrugBank.d97.s63|DDI-DrugBank.d97.s63.e0|DDI-DrugBank.d97.s63.e1|advise
DDI-DrugBank.d433.s2|DDI-DrugBank.d433.s2.e0|DDI-DrugBank.d433.s2.e1|advise
DDI-DrugBank.d465.s0|DDI-DrugBank.d465.s0.e0|DDI-DrugBank.d465.s0.e1|effect
DDI-DrugBank.d81.s10|DDI-DrugBank.d81.s10.e0|DDI-DrugBank.d81.s10.e1|advise
DDI-DrugBank.d41.s14|DDI-DrugBank.d41.s14.e1|DDI-DrugBank.d41.s14.e3|mechanism
DDI-DrugBank.d320.s0|DDI-DrugBank.d320.s0.e0|DDI-DrugBank.d320.s0.e1|advise
DDI-DrugBank.d454.s2|DDI-DrugBank.d454.s2.e0|DDI-DrugBank.d454.s2.e1|effect
DDI-DrugBank.d454.s4|DDI-DrugBank.d454.s4.e0|DDI-DrugBank.d454.s4.e1|effect
DDI-DrugBank.d736.s3|DDI-DrugBank.d736.s3.e0|DDI-DrugBank.d736.s3.e1|effect
DDI-DrugBank.d736.s5|DDI-DrugBank.d736.s5.e0|DDI-DrugBank.d736.s5.e1|effect
DDI-DrugBank.d736.s7|DDI-DrugBank.d736.s7.e0|DDI-DrugBank.d736.s7.e1|effect
DDI-DrugBank.d706.s0|DDI-DrugBank.d706.s0.e0|DDI-DrugBank.d706.s0.e1|effect
DDI-DrugBank.d715.s0|DDI-DrugBank.d715.s0.e0|DDI-DrugBank.d715.s0.e1|advise
DDI-DrugBank.d715.s0|DDI-DrugBank.d715.s0.e0|DDI-DrugBank.d715.s0.e2|advise
DDI-DrugBank.d640.s1|DDI-DrugBank.d640.s1.e0|DDI-DrugBank.d640.s1.e1|advise
DDI-DrugBank.d640.s1|DDI-DrugBank.d640.s1.e0|DDI-DrugBank.d640.s1.e2|advise
DDI-DrugBank.d640.s1|DDI-DrugBank.d640.s1.e1|DDI-DrugBank.d640.s1.e2|advise
DDI-DrugBank.d14.s0|DDI-DrugBank.d14.s0.e0|DDI-DrugBank.d14.s0.e1|effect
DDI-DrugBank.d635.s0|DDI-DrugBank.d635.s0.e0|DDI-DrugBank.d635.s0.e1|advise
DDI-DrugBank.d734.s0|DDI-DrugBank.d734.s0.e0|DDI-DrugBank.d734.s0.e1|effect
DDI-DrugBank.d124.s28|DDI-DrugBank.d124.s28.e0|DDI-DrugBank.d124.s28.e1|advise
DDI-DrugBank.d124.s28|DDI-DrugBank.d124.s28.e0|DDI-DrugBank.d124.s28.e2|advise
DDI-DrugBank.d124.s28|DDI-DrugBank.d124.s28.e1|DDI-DrugBank.d124.s28.e2|advise
DDI-DrugBank.d65.s0|DDI-DrugBank.d65.s0.e0|DDI-DrugBank.d65.s0.e1|effect
DDI-DrugBank.d704.s1|DDI-DrugBank.d704.s1.e0|DDI-DrugBank.d704.s1.e1|advise
DDI-DrugBank.d704.s2|DDI-DrugBank.d704.s2.e0|DDI-DrugBank.d704.s2.e1|effect
DDI-DrugBank.d704.s4|DDI-DrugBank.d704.s4.e0|DDI-DrugBank.d704.s4.e1|advise
DDI-DrugBank.d704.s6|DDI-DrugBank.d704.s6.e0|DDI-DrugBank.d704.s6.e1|advise
DDI-DrugBank.d658.s0|DDI-DrugBank.d658.s0.e0|DDI-DrugBank.d658.s0.e1|effect
DDI-DrugBank.d328.s9|DDI-DrugBank.d328.s9.e0|DDI-DrugBank.d328.s9.e1|advise
DDI-DrugBank.d328.s19|DDI-DrugBank.d328.s19.e0|DDI-DrugBank.d328.s19.e1|mechanism
DDI-DrugBank.d328.s21|DDI-DrugBank.d328.s21.e1|DDI-DrugBank.d328.s21.e2|advise
DDI-DrugBank.d328.s26|DDI-DrugBank.d328.s26.e0|DDI-DrugBank.d328.s26.e1|advise
DDI-DrugBank.d328.s26|DDI-DrugBank.d328.s26.e0|DDI-DrugBank.d328.s26.e2|advise
DDI-DrugBank.d328.s29|DDI-DrugBank.d328.s29.e0|DDI-DrugBank.d328.s29.e1|mechanism
DDI-DrugBank.d328.s29|DDI-DrugBank.d328.s29.e0|DDI-DrugBank.d328.s29.e2|effect
DDI-DrugBank.d328.s46|DDI-DrugBank.d328.s46.e0|DDI-DrugBank.d328.s46.e1|advise
DDI-DrugBank.d328.s46|DDI-DrugBank.d328.s46.e1|DDI-DrugBank.d328.s46.e2|advise
DDI-DrugBank.d328.s46|DDI-DrugBank.d328.s46.e1|DDI-DrugBank.d328.s46.e3|advise
