DDI-MedLine.d62.s0|51-52|by|group
DDI-MedLine.d62.s0|69-69|.|group
DDI-MedLine.d62.s1|281-281|.|group
DDI-MedLine.d62.s2|112-112|.|group
DDI-MedLine.d62.s3|85-87|IEG|drug
DDI-MedLine.d62.s3|187-187|.|group
DDI-MedLine.d62.s4|234-242|SCH-23390|drug
DDI-MedLine.d62.s4|288-288|.|group
DDI-MedLine.d62.s5|0-3|METH|group
DDI-MedLine.d62.s5|32-33|IV|drug
DDI-MedLine.d62.s5|42-43|of|group
DDI-MedLine.d62.s5|94-95|to|group
DDI-MedLine.d62.s6|187-187|.|group
DDI-MedLine.d59.s0|86-86|.|group
DDI-MedLine.d59.s1|104-104|.|group
DDI-MedLine.d59.s2|12-13|of|group
DDI-MedLine.d59.s2|97-97|.|group
DDI-MedLine.d59.s3|59-61|out|drug
DDI-MedLine.d59.s3|173-182|kinase II .|drug
DDI-MedLine.d59.s4|142-151|histamine-|group
DDI-MedLine.d59.s4|200-200|.|group
DDI-MedLine.d59.s5|144-144|.|group
DDI-MedLine.d59.s6|10-11|of|group
DDI-MedLine.d59.s6|251-252|of|group
DDI-MedLine.d59.s6|288-288|.|group
DDI-MedLine.d59.s7|214-216|and|drug
DDI-MedLine.d59.s7|268-268|.|group
DDI-MedLine.d47.s0|20-21|II|drug
DDI-MedLine.d47.s0|128-128|.|group
DDI-MedLine.d47.s1|54-55|II|drug
DDI-MedLine.d47.s1|132-132|.|group
DDI-MedLine.d47.s2|126-126|.|group
DDI-MedLine.d47.s3|160-160|.|group
DDI-MedLine.d47.s4|134-134|.|group
DDI-MedLine.d65.s0|39-39|.|group
DDI-MedLine.d65.s1|212-212|.|group
DDI-MedLine.d65.s2|153-155|for|group
DDI-MedLine.d65.s2|178-179|in|drug
DDI-MedLine.d65.s2|206-206|.|group
DDI-MedLine.d65.s3|111-111|.|group
DDI-MedLine.d65.s4|169-169|.|group
DDI-MedLine.d65.s5|20-21|of|group
DDI-MedLine.d65.s5|156-156|.|group
DDI-MedLine.d74.s0|22-23|of|group
DDI-MedLine.d74.s0|47-48|of|group
DDI-MedLine.d74.s0|90-90|.|group
DDI-MedLine.d74.s1|150-150|.|group
DDI-MedLine.d74.s2|32-33|of|group
DDI-MedLine.d74.s2|269-269|,|drug
DDI-MedLine.d74.s2|294-295|) .|drug
DDI-MedLine.d74.s3|68-76|diabetics|group
DDI-MedLine.d74.s3|89-89|.|group
DDI-MedLine.d74.s4|163-163|.|group
DDI-MedLine.d74.s5|139-139|.|group
DDI-MedLine.d74.s6|167-167|.|group
DDI-MedLine.d74.s7|82-82|.|group
DDI-MedLine.d74.s8|103-103|.|group
DDI-MedLine.d74.s9|54-55|of|group
DDI-MedLine.d74.s9|152-152|.|group
DDI-MedLine.d74.s10|78-78|.|group
DDI-MedLine.d74.s11|163-163|.|group
DDI-MedLine.d44.s0|112-112|.|group
DDI-MedLine.d44.s1|124-131|speed-up|group
DDI-MedLine.d44.s1|162-162|.|group
DDI-MedLine.d44.s2|13-13|,|drug
DDI-MedLine.d44.s2|97-98|of|group
DDI-MedLine.d44.s2|434-434|.|group
DDI-MedLine.d44.s3|67-67|.|group
DDI-MedLine.d44.s4|101-106|oleate|drug_n
DDI-MedLine.d44.s4|156-156|.|group
DDI-MedLine.d44.s5|173-173|.|group
DDI-MedLine.d44.s6|165-165|.|group
DDI-MedLine.d44.s7|100-100|.|group
DDI-MedLine.d44.s8|61-69|lipolysis|group
DDI-MedLine.d44.s8|199-199|.|group
DDI-MedLine.d86.s0|102-102|.|group
DDI-MedLine.d86.s1|122-122|,|drug
DDI-MedLine.d86.s1|184-190|healthy|group
DDI-MedLine.d86.s1|200-200|.|group
DDI-MedLine.d86.s2|173-173|.|group
DDI-MedLine.d86.s3|77-77|,|drug
DDI-MedLine.d86.s3|225-225|,|drug
DDI-MedLine.d86.s3|259-259|.|group
DDI-MedLine.d86.s4|64-64|.|group
DDI-MedLine.d86.s5|174-174|,|drug
DDI-MedLine.d86.s5|372-372|.|group
DDI-MedLine.d86.s6|81-81|%|drug
DDI-MedLine.d86.s6|145-145|.|group
DDI-MedLine.d86.s7|96-96|,|drug
DDI-MedLine.d86.s7|116-116|,|drug
DDI-MedLine.d86.s7|191-191|,|drug
DDI-MedLine.d86.s7|213-214|of|group
DDI-MedLine.d86.s7|331-331|.|group
DDI-MedLine.d86.s8|113-114|of|group
DDI-MedLine.d86.s8|154-154|.|group
DDI-MedLine.d86.s9|8-9|of|group
DDI-MedLine.d86.s9|65-66|of|group
DDI-MedLine.d86.s9|208-208|.|group
DDI-MedLine.d1.s0|150-150|.|group
DDI-MedLine.d1.s1|207-207|.|group
DDI-MedLine.d1.s2|162-162|,|drug
DDI-MedLine.d1.s2|186-189|golf|group
DDI-MedLine.d1.s2|203-203|.|group
DDI-MedLine.d1.s3|118-118|.|group
DDI-MedLine.d1.s4|95-95|.|group
DDI-MedLine.d1.s5|162-163|of|group
DDI-MedLine.d1.s5|183-183|.|group
DDI-MedLine.d1.s6|131-131|.|group
DDI-MedLine.d1.s7|34-48|pharmaceutical )|group
DDI-MedLine.d1.s7|126-128|tot|group
DDI-MedLine.d1.s7|185-186|of|group
DDI-MedLine.d1.s7|200-200|.|group
DDI-MedLine.d1.s8|122-122|,|drug
DDI-MedLine.d1.s8|241-250|exertion ) .|drug
DDI-MedLine.d1.s9|86-87|of|group
DDI-MedLine.d1.s9|110-110|.|group
DDI-MedLine.d132.s0|95-95|.|group
DDI-MedLine.d132.s1|116-122|therapy|group
DDI-MedLine.d132.s1|259-261|HIV|group
DDI-MedLine.d132.s1|272-272|.|group
DDI-MedLine.d132.s2|200-200|,|drug
DDI-MedLine.d132.s2|240-240|.|group
DDI-MedLine.d132.s3|115-127|delavirdine ) .|drug
DDI-MedLine.d132.s4|225-225|.|group
DDI-MedLine.d132.s5|85-85|.|group
DDI-MedLine.d132.s6|67-70|with|group
DDI-MedLine.d132.s6|129-129|.|group
DDI-MedLine.d132.s7|134-134|.|group
DDI-MedLine.d132.s8|109-110|of|group
DDI-MedLine.d132.s8|142-142|.|group
DDI-MedLine.d132.s9|3-23|treatment-experienced|drug
DDI-MedLine.d132.s9|162-162|.|group
DDI-MedLine.d132.s10|58-79|nucleoside-experienced|drug
DDI-MedLine.d132.s10|179-179|.|group
DDI-MedLine.d132.s11|117-118|of|group
DDI-MedLine.d132.s11|139-139|.|group
DDI-MedLine.d132.s12|71-71|,|drug
DDI-MedLine.d132.s12|81-91|predictable|drug
DDI-MedLine.d132.s12|136-136|.|group
DDI-MedLine.d23.s0|31-37|Innovar|group
DDI-MedLine.d23.s0|80-80|.|group
DDI-MedLine.d23.s1|104-104|,|drug
DDI-MedLine.d23.s1|197-199|was|drug
DDI-MedLine.d23.s1|270-270|.|group
DDI-MedLine.d23.s2|176-182|fentayl|drug_n
DDI-MedLine.d23.s2|212-212|.|group
DDI-MedLine.d138.s0|102-103|of|group
DDI-MedLine.d138.s0|140-140|.|group
DDI-MedLine.d138.s1|121-122|by|group
DDI-MedLine.d138.s1|136-137|of|group
DDI-MedLine.d138.s1|174-174|.|group
DDI-MedLine.d138.s2|27-28|of|group
DDI-MedLine.d138.s2|101-101|.|group
DDI-MedLine.d138.s3|13-14|of|group
DDI-MedLine.d138.s3|171-171|.|group
DDI-MedLine.d29.s0|90-90|.|group
DDI-MedLine.d29.s1|13-19|Gibaldi|brand
DDI-MedLine.d29.s1|26-26|.|group
DDI-MedLine.d29.s2|5-5|,|drug
DDI-MedLine.d29.s2|12-12|,|drug
DDI-MedLine.d29.s2|214-214|.|group
DDI-MedLine.d29.s3|86-86|,|drug
DDI-MedLine.d29.s3|284-284|.|group
DDI-MedLine.d29.s4|60-61|of|group
DDI-MedLine.d29.s4|134-137|13.0|drug
DDI-MedLine.d29.s4|156-169|respectively ) .|drug
DDI-MedLine.d29.s5|4-4|,|drug
DDI-MedLine.d29.s5|24-30|Gibaldi|drug_n
DDI-MedLine.d29.s5|37-37|.|group
DDI-MedLine.d29.s6|74-74|.|group
DDI-MedLine.d29.s7|9-10|of|group
DDI-MedLine.d29.s7|42-42|,|drug
DDI-MedLine.d29.s7|54-55|of|group
DDI-MedLine.d29.s7|157-168|to 0.263/h ) .|group
DDI-MedLine.d29.s8|52-53|of|group
DDI-MedLine.d29.s8|98-98|.|group
DDI-MedLine.d118.s0|78-78|.|group
DDI-MedLine.d118.s1|106-106|.|group
DDI-MedLine.d118.s2|75-75|,|drug
DDI-MedLine.d118.s2|114-114|,|drug
DDI-MedLine.d118.s2|257-257|.|group
DDI-MedLine.d118.s3|35-35|,|drug
DDI-MedLine.d118.s3|282-282|,|drug
DDI-MedLine.d118.s3|322-327|1999 ) .|brand
DDI-MedLine.d185.s0|10-30|ketoconazole-mediated|group
DDI-MedLine.d185.s0|151-151|.|group
DDI-MedLine.d185.s1|53-53|.|group
DDI-MedLine.d185.s2|125-125|.|group
DDI-MedLine.d185.s3|95-95|.|group
DDI-MedLine.d185.s4|30-41|administered|drug
DDI-MedLine.d185.s5|19-30|panobinostat|drug
DDI-MedLine.d185.s5|74-74|.|group
DDI-MedLine.d185.s6|72-73|15|drug
DDI-MedLine.d185.s6|85-85|.|group
DDI-MedLine.d185.s7|43-46|1.6-|drug
DDI-MedLine.d185.s7|76-79|max )|group
DDI-MedLine.d185.s7|118-118|.|group
DDI-MedLine.d185.s8|58-58|.|group
DDI-MedLine.d185.s9|121-121|.|group
DDI-MedLine.d185.s10|69-69|.|group
DDI-MedLine.d185.s11|48-48|,|drug
DDI-MedLine.d185.s11|102-102|.|group
DDI-MedLine.d185.s12|161-161|.|group
DDI-MedLine.d185.s13|68-70|and|drug
DDI-MedLine.d185.s13|224-224|.|group
DDI-MedLine.d180.s0|31-35|DZNep|brand
DDI-MedLine.d180.s0|80-80|.|group
DDI-MedLine.d180.s1|184-184|.|group
DDI-MedLine.d180.s2|162-162|.|group
DDI-MedLine.d180.s3|9-18|un-treated|drug
DDI-MedLine.d180.s3|88-97|microarray|drug
DDI-MedLine.d180.s3|222-222|.|group
DDI-MedLine.d180.s4|118-118|.|group
DDI-MedLine.d180.s5|52-52|.|group
DDI-MedLine.d180.s6|87-90|H929|group
DDI-MedLine.d180.s6|119-123|DZNep|drug
DDI-MedLine.d180.s6|134-134|.|group
DDI-MedLine.d180.s7|70-70|.|group
DDI-MedLine.d180.s8|93-93|.|group
DDI-MedLine.d180.s9|145-145|.|group
DDI-MedLine.d180.s10|69-69|,|drug
DDI-MedLine.d180.s10|92-96|DZNep|brand
DDI-MedLine.d180.s10|221-221|.|group
DDI-MedLine.d180.s11|14-14|,|drug
DDI-MedLine.d180.s11|51-52|of|group
DDI-MedLine.d180.s11|110-122|down-regulate|group
DDI-MedLine.d180.s11|140-140|.|group
DDI-MedLine.d180.s12|81-81|,|drug
DDI-MedLine.d180.s12|106-112|ABT-737|group
DDI-MedLine.d180.s12|163-163|.|group
DDI-MedLine.d180.s13|84-84|.|group
DDI-MedLine.d181.s0|57-57|.|group
DDI-MedLine.d181.s1|31-31|,|drug
DDI-MedLine.d181.s1|37-37|,|drug
DDI-MedLine.d181.s1|148-148|.|group
DDI-MedLine.d181.s2|35-35|.|group
DDI-MedLine.d181.s3|101-101|.|group
DDI-MedLine.d181.s4|158-158|.|group
DDI-MedLine.d181.s5|108-108|.|group
DDI-MedLine.d181.s6|91-91|.|group
DDI-MedLine.d181.s7|33-44|discontinued|drug
DDI-MedLine.d181.s7|144-144|.|group
DDI-MedLine.d181.s8|17-18|of|group
DDI-MedLine.d181.s8|97-98|in|drug
DDI-MedLine.d181.s8|143-143|.|group
DDI-MedLine.d181.s9|149-149|.|group
DDI-MedLine.d169.s0|59-65|nonheme|group
DDI-MedLine.d169.s0|134-134|.|group
DDI-MedLine.d169.s1|75-76|of|group
DDI-MedLine.d169.s1|83-89|nonheme|group
DDI-MedLine.d169.s1|104-104|.|group
DDI-MedLine.d169.s2|7-7|,|drug
DDI-MedLine.d169.s2|216-216|.|group
DDI-MedLine.d169.s3|77-83|nonheme|drug_n
DDI-MedLine.d169.s3|99-101|and|drug
DDI-MedLine.d169.s3|161-161|.|group
DDI-MedLine.d169.s4|126-126|.|group
DDI-MedLine.d169.s5|105-121|ferrous sulfate ) .|drug
DDI-MedLine.d169.s6|55-57|200|brand
DDI-MedLine.d169.s6|130-130|.|group
DDI-MedLine.d169.s7|106-106|.|group
DDI-MedLine.d169.s8|81-81|.|group
DDI-MedLine.d169.s9|73-73|.|group
DDI-MedLine.d169.s10|136-136|)|drug
DDI-MedLine.d169.s10|161-161|.|group
DDI-MedLine.d169.s11|115-122|calcium .|group
DDI-MedLine.d179.s0|32-40|sunitinib|drug
DDI-MedLine.d179.s0|142-142|.|group
DDI-MedLine.d179.s1|115-121|NSCLC ) .|group
DDI-MedLine.d179.s2|131-139|sunitinib|drug
DDI-MedLine.d179.s2|206-206|.|group
DDI-MedLine.d179.s3|33-40|mutation|drug
DDI-MedLine.d179.s3|158-158|.|group
DDI-MedLine.d179.s4|14-14|,|drug
DDI-MedLine.d179.s4|116-116|,|drug
DDI-MedLine.d179.s4|188-188|.|group
DDI-MedLine.d179.s5|147-147|.|group
DDI-MedLine.d179.s6|37-45|sunitinib|drug
DDI-MedLine.d179.s6|96-96|,|drug
DDI-MedLine.d179.s6|182-182|.|group
DDI-MedLine.d179.s7|82-82|.|group
DDI-MedLine.d179.s8|188-188|.|group
DDI-MedLine.d179.s9|11-11|,|drug
DDI-MedLine.d179.s9|89-91|may|drug
DDI-MedLine.d179.s9|144-144|.|group
DDI-MedLine.d179.s10|103-107|T790M|group
DDI-MedLine.d179.s10|113-127|K-ras mutations|group
DDI-MedLine.d179.s10|274-274|.|group
DDI-MedLine.d159.s0|127-127|.|group
DDI-MedLine.d159.s1|158-158|.|group
DDI-MedLine.d159.s2|4-4|,|drug
DDI-MedLine.d159.s2|48-49|of|group
DDI-MedLine.d159.s2|95-96|of|group
DDI-MedLine.d159.s2|214-214|.|group
DDI-MedLine.d159.s3|31-33|the|group
DDI-MedLine.d159.s3|235-247|S-transferase|drug
DDI-MedLine.d159.s3|261-261|,|drug
DDI-MedLine.d159.s3|297-297|,|drug
DDI-MedLine.d159.s3|338-338|;|group
DDI-MedLine.d159.s4|70-70|,|drug
DDI-MedLine.d159.s4|107-107|.|group
DDI-MedLine.d159.s5|236-236|;|group
DDI-MedLine.d159.s6|132-132|.|group
DDI-MedLine.d159.s7|220-230|spontaneous|drug
DDI-MedLine.d159.s7|270-270|.|group
DDI-MedLine.d164.s0|127-127|.|group
DDI-MedLine.d164.s1|226-226|,|drug
DDI-MedLine.d164.s1|334-334|.|group
DDI-MedLine.d164.s2|172-177|ADCC ) .|drug_n
DDI-MedLine.d164.s3|22-30|lapatinib|drug
DDI-MedLine.d164.s3|172-172|.|group
DDI-MedLine.d164.s4|189-189|.|group
DDI-MedLine.d164.s5|143-144|of|group
DDI-MedLine.d164.s5|181-181|.|group
DDI-MedLine.d193.s0|48-54|Plavix )|brand
DDI-MedLine.d193.s1|209-214|( ACS ) .|drug_n
DDI-MedLine.d193.s2|34-40|Plavix )|brand
DDI-MedLine.d193.s2|78-78|.|group
DDI-MedLine.d193.s3|92-92|.|group
DDI-MedLine.d43.s0|110-110|.|group
DDI-MedLine.d43.s1|92-93|of|group
DDI-MedLine.d43.s1|120-120|.|group
DDI-MedLine.d43.s2|32-32|,|brand
DDI-MedLine.d43.s2|118-118|.|group
DDI-MedLine.d43.s3|84-85|of|group
DDI-MedLine.d43.s3|129-130|of|group
DDI-MedLine.d43.s3|152-152|.|group
DDI-MedLine.d43.s4|20-20|.|group
DDI-MedLine.d43.s5|27-27|,|drug
DDI-MedLine.d43.s5|222-222|.|group
DDI-MedLine.d43.s6|20-20|,|drug
DDI-MedLine.d43.s6|145-145|.|group
DDI-MedLine.d43.s7|43-44|of|group
DDI-MedLine.d43.s7|207-207|.|group
DDI-MedLine.d43.s8|137-138|of|group
DDI-MedLine.d43.s8|150-150|.|group
DDI-MedLine.d43.s9|135-135|.|group
DDI-MedLine.d43.s10|32-35|from|group
DDI-MedLine.d43.s10|246-246|.|group
DDI-MedLine.d43.s11|65-65|,|drug
DDI-MedLine.d43.s11|128-128|.|group
DDI-MedLine.d100.s0|41-57|platelet function|group
DDI-MedLine.d100.s0|90-90|.|group
DDI-MedLine.d100.s1|29-45|platelet function|group
DDI-MedLine.d100.s1|146-146|.|group
DDI-MedLine.d100.s2|141-141|.|group
DDI-MedLine.d100.s3|180-180|.|group
DDI-MedLine.d100.s4|81-89|platelets|drug
DDI-MedLine.d100.s4|132-132|.|group
DDI-MedLine.d100.s5|112-112|,|drug
DDI-MedLine.d100.s5|160-160|.|group
DDI-MedLine.d100.s6|103-103|.|group
DDI-MedLine.d100.s7|188-188|.|group
DDI-MedLine.d100.s8|37-53|platelet function|group
DDI-MedLine.d100.s8|169-169|.|group
DDI-MedLine.d73.s0|102-102|)|drug
DDI-MedLine.d73.s0|123-123|.|group
DDI-MedLine.d73.s1|4-16|neurochemical|drug
DDI-MedLine.d73.s1|174-174|.|group
DDI-MedLine.d73.s2|165-165|.|group
DDI-MedLine.d73.s3|211-211|.|group
DDI-MedLine.d73.s4|129-129|.|group
DDI-MedLine.d73.s5|156-156|.|group
DDI-MedLine.d31.s0|57-57|.|group
DDI-MedLine.d31.s1|56-56|.|group
DDI-MedLine.d31.s2|69-69|.|group
DDI-MedLine.d31.s3|169-169|.|group
DDI-MedLine.d31.s4|85-85|.|group
DDI-MedLine.d31.s5|139-139|,|drug
DDI-MedLine.d31.s5|178-180|how|drug
DDI-MedLine.d31.s5|233-233|.|group
DDI-DrugBank.d449.s0|96-96|.|group
DDI-DrugBank.d449.s1|57-67|reduction ) .|drug
DDI-DrugBank.d449.s2|72-80|caution ) .|drug
DDI-DrugBank.d8.s0|145-148|with|group
DDI-DrugBank.d8.s0|251-251|.|group
DDI-DrugBank.d8.s1|81-81|.|group
DDI-DrugBank.d8.s2|3-6|such|drug
DDI-DrugBank.d8.s2|35-35|,|drug
DDI-DrugBank.d8.s2|53-54|or|group
DDI-DrugBank.d8.s2|85-85|.|group
DDI-DrugBank.d8.s3|297-298|of|group
DDI-DrugBank.d8.s3|343-343|.|group
DDI-DrugBank.d8.s4|43-43|.|group
DDI-DrugBank.d8.s5|79-81|and|drug
DDI-DrugBank.d8.s5|131-131|.|group
DDI-DrugBank.d8.s6|134-134|.|group
DDI-DrugBank.d416.s0|145-145|.|group
DDI-DrugBank.d416.s1|96-96|.|group
DDI-DrugBank.d416.s2|72-72|.|group
DDI-DrugBank.d416.s3|67-70|ERPF|brand
DDI-DrugBank.d416.s3|89-89|.|group
DDI-DrugBank.d22.s0|110-110|.|group
DDI-DrugBank.d22.s1|111-111|.|group
DDI-DrugBank.d22.s2|53-54|of|group
DDI-DrugBank.d22.s2|99-99|.|group
DDI-DrugBank.d22.s3|31-31|a|drug
DDI-DrugBank.d22.s3|88-88|.|group
DDI-DrugBank.d318.s0|5-16|administered|group
DDI-DrugBank.d318.s0|30-30|,|drug
DDI-DrugBank.d318.s0|183-183|.|group
DDI-DrugBank.d318.s1|107-107|.|group
DDI-DrugBank.d318.s2|70-71|B-|brand
DDI-DrugBank.d318.s2|148-148|.|group
DDI-DrugBank.d318.s3|80-80|.|group
DDI-DrugBank.d318.s4|3-6|used|drug
DDI-DrugBank.d318.s4|78-78|.|group
DDI-DrugBank.d318.s5|90-90|.|group
DDI-DrugBank.d318.s6|106-106|.|group
DDI-DrugBank.d318.s7|221-221|.|group
DDI-DrugBank.d318.s8|131-144|amphotericin B|drug
DDI-DrugBank.d318.s8|231-231|.|group
DDI-DrugBank.d318.s9|97-97|.|group
DDI-DrugBank.d318.s10|75-75|,|drug
DDI-DrugBank.d318.s10|150-150|,|drug
DDI-DrugBank.d318.s10|208-208|.|group
DDI-DrugBank.d318.s11|119-119|.|group
DDI-DrugBank.d318.s12|125-125|(|drug_n
DDI-DrugBank.d318.s12|132-145|tubocurarine ) .|drug
DDI-DrugBank.d318.s13|69-69|.|group
DDI-DrugBank.d318.s14|142-142|.|group
DDI-DrugBank.d357.s0|135-135|,|drug
DDI-DrugBank.d357.s0|183-184|of|group
DDI-DrugBank.d357.s0|190-193|5HT3|group
DDI-DrugBank.d357.s0|287-287|,|drug
DDI-DrugBank.d357.s0|323-323|.|group
DDI-DrugBank.d357.s1|370-370|,|drug
DDI-DrugBank.d357.s1|408-408|.|group
DDI-DrugBank.d357.s2|98-98|.|group
DDI-DrugBank.d357.s3|237-237|.|group
DDI-DrugBank.d357.s4|158-158|.|group
DDI-DrugBank.d357.s5|6-15|Prolonging|drug
DDI-DrugBank.d357.s5|151-151|.|group
DDI-DrugBank.d357.s6|74-79|APOKYN|brand
DDI-DrugBank.d357.s6|101-101|.|group
DDI-DrugBank.d253.s0|74-84|arbutamine .|drug
DDI-DrugBank.d253.s1|77-86|conducting|drug
DDI-DrugBank.d253.s1|122-122|.|group
DDI-DrugBank.d253.s2|140-140|.|group
DDI-DrugBank.d253.s3|185-185|.|group
DDI-DrugBank.d105.s0|69-69|,|drug
DDI-DrugBank.d105.s0|160-160|,|drug
DDI-DrugBank.d105.s0|254-254|.|group
DDI-DrugBank.d509.s0|130-133|with|group
DDI-DrugBank.d509.s0|175-175|.|group
DDI-DrugBank.d509.s1|7-9|its|drug
DDI-DrugBank.d509.s2|122-122|.|group
DDI-DrugBank.d509.s3|153-153|.|group
DDI-DrugBank.d509.s4|57-57|.|group
DDI-DrugBank.d509.s5|139-139|.|group
DDI-DrugBank.d509.s6|66-66|.|group
DDI-DrugBank.d509.s7|12-17|induce|drug
DDI-DrugBank.d509.s7|106-110|blood|drug
DDI-DrugBank.d509.s7|118-118|.|group
DDI-DrugBank.d509.s8|150-154|blood|drug
DDI-DrugBank.d509.s8|162-162|.|group
DDI-DrugBank.d509.s9|134-145|aripiprazole|drug
DDI-DrugBank.d509.s9|178-178|%|drug
DDI-DrugBank.d509.s9|201-201|.|group
DDI-DrugBank.d509.s10|74-74|.|group
DDI-DrugBank.d509.s11|140-140|.|group
DDI-DrugBank.d509.s12|123-123|;|group
DDI-DrugBank.d509.s13|72-72|.|group
DDI-DrugBank.d509.s14|5-7|the|drug
DDI-DrugBank.d509.s14|111-111|.|group
DDI-DrugBank.d509.s15|255-255|.|group
DDI-DrugBank.d509.s16|136-136|.|group
DDI-DrugBank.d509.s17|108-114|effects|group
DDI-DrugBank.d509.s17|180-180|.|group
DDI-DrugBank.d509.s18|111-111|.|group
DDI-DrugBank.d509.s19|188-199|aripiprazole|drug
DDI-DrugBank.d509.s19|248-248|.|group
DDI-DrugBank.d509.s20|88-88|.|group
DDI-DrugBank.d509.s21|64-64|.|group
DDI-DrugBank.d509.s22|102-102|.|group
DDI-DrugBank.d509.s23|158-171|Interactions ) .|drug
DDI-DrugBank.d509.s24|177-177|.|group
DDI-DrugBank.d509.s25|178-178|,|drug
DDI-DrugBank.d509.s25|220-220|.|group
DDI-DrugBank.d509.s26|14-25|aripiprazole|drug
DDI-DrugBank.d509.s26|122-122|.|group
DDI-DrugBank.d509.s27|195-201|healthy|drug
DDI-DrugBank.d509.s27|211-211|.|group
DDI-DrugBank.d509.s28|96-102|ABILIFY|brand
DDI-DrugBank.d509.s29|0-0|.|group
DDI-DrugBank.d109.s0|49-60|Erythromycin|drug
DDI-DrugBank.d73.s0|110-110|.|group
DDI-DrugBank.d73.s1|177-177|,|drug
DDI-DrugBank.d73.s1|211-211|.|group
DDI-DrugBank.d73.s2|83-83|.|group
DDI-DrugBank.d73.s3|98-98|.|group
DDI-DrugBank.d73.s4|129-129|.|group
DDI-DrugBank.d73.s5|46-46|,|drug
DDI-DrugBank.d73.s5|159-159|.|group
DDI-DrugBank.d73.s6|131-131|.|group
DDI-DrugBank.d73.s7|66-66|.|group
DDI-DrugBank.d73.s8|25-25|,|drug
DDI-DrugBank.d73.s8|38-38|,|drug
DDI-DrugBank.d73.s8|174-174|.|group
DDI-DrugBank.d73.s9|202-202|.|group
DDI-DrugBank.d73.s10|103-103|.|group
DDI-DrugBank.d383.s0|15-22|provided|drug
DDI-DrugBank.d489.s0|139-139|,|drug
DDI-DrugBank.d489.s0|164-164|.|group
DDI-DrugBank.d489.s1|144-144|.|group
DDI-DrugBank.d489.s2|30-30|(|drug_n
DDI-DrugBank.d489.s2|112-112|.|group
DDI-DrugBank.d489.s3|162-167|marked|drug
DDI-DrugBank.d489.s3|207-207|,|drug
DDI-DrugBank.d489.s3|241-241|.|group
DDI-DrugBank.d489.s4|106-106|,|drug
DDI-DrugBank.d489.s4|215-215|.|group
DDI-DrugBank.d489.s5|216-216|.|group
DDI-DrugBank.d489.s6|39-39|,|drug
DDI-DrugBank.d489.s6|214-214|.|group
DDI-DrugBank.d489.s7|271-271|.|group
DDI-DrugBank.d489.s8|300-300|.|group
DDI-DrugBank.d489.s9|164-164|,|drug
DDI-DrugBank.d489.s9|237-237|.|group
DDI-DrugBank.d489.s10|99-99|.|group
DDI-DrugBank.d497.s0|85-85|.|group
DDI-DrugBank.d497.s1|96-96|.|group
DDI-DrugBank.d497.s2|153-153|.|group
DDI-DrugBank.d497.s3|9-9|,|drug
DDI-DrugBank.d497.s3|139-139|.|group
DDI-DrugBank.d153.s0|212-212|.|group
DDI-DrugBank.d153.s1|58-58|.|group
DDI-DrugBank.d153.s2|95-95|.|group
DDI-DrugBank.d153.s3|150-150|.|group
DDI-DrugBank.d153.s4|89-89|.|group
DDI-DrugBank.d213.s0|62-62|,|drug
DDI-DrugBank.d213.s0|127-127|.|group
DDI-DrugBank.d213.s1|95-95|.|group
DDI-DrugBank.d213.s2|11-12|of|group
DDI-DrugBank.d213.s2|72-72|.|group
DDI-DrugBank.d213.s3|153-153|.|group
DDI-DrugBank.d213.s4|96-96|.|group
DDI-DrugBank.d213.s5|38-39|an|group
DDI-DrugBank.d213.s5|80-90|recommended|drug
DDI-DrugBank.d520.s0|65-76|Carboplatin .|drug
DDI-DrugBank.d269.s0|20-20|;|group
DDI-DrugBank.d269.s1|136-136|,|drug
DDI-DrugBank.d269.s1|224-228|blood|drug
DDI-DrugBank.d269.s1|237-238|of|group
DDI-DrugBank.d269.s1|274-274|.|group
DDI-DrugBank.d269.s2|191-192|of|group
DDI-DrugBank.d269.s2|220-221|of|group
DDI-DrugBank.d269.s2|253-253|.|group
DDI-DrugBank.d269.s3|41-46|taking|drug
DDI-DrugBank.d269.s3|115-130|catecholamines (|group
DDI-DrugBank.d269.s3|258-258|.|group
DDI-DrugBank.d269.s4|105-119|blood-pressure-|group
DDI-DrugBank.d269.s4|152-152|.|group
DDI-DrugBank.d269.s5|99-99|,|drug
DDI-DrugBank.d269.s5|150-150|.|group
DDI-DrugBank.d269.s6|96-96|.|group
DDI-DrugBank.d269.s7|206-206|.|group
DDI-DrugBank.d269.s8|24-24|,|drug
DDI-DrugBank.d269.s8|195-195|.|group
DDI-DrugBank.d269.s9|28-28|,|drug
DDI-DrugBank.d269.s9|94-94|.|group
DDI-DrugBank.d269.s10|244-244|.|group
DDI-DrugBank.d269.s11|32-34|are|drug
DDI-DrugBank.d269.s11|117-117|.|group
DDI-DrugBank.d269.s12|5-11|digoxin|drug
DDI-DrugBank.d269.s12|41-41|.|group
DDI-DrugBank.d269.s13|73-73|,|drug
DDI-DrugBank.d269.s13|108-108|.|group
DDI-DrugBank.d269.s14|112-112|.|group
DDI-DrugBank.d269.s15|66-66|.|group
DDI-DrugBank.d269.s16|26-33|Isolated|drug
DDI-DrugBank.d269.s16|167-167|.|group
DDI-DrugBank.d269.s17|3-6|with|drug
DDI-DrugBank.d269.s17|117-118|of|group
DDI-DrugBank.d269.s17|211-211|.|group
DDI-DrugBank.d269.s18|142-142|.|group
DDI-DrugBank.d269.s19|111-111|.|group
DDI-DrugBank.d339.s0|133-133|.|group
DDI-DrugBank.d339.s1|23-24|of|group
DDI-DrugBank.d339.s1|100-100|.|group
DDI-DrugBank.d339.s2|153-153|.|group
DDI-DrugBank.d339.s3|75-77|the|group
DDI-DrugBank.d339.s3|168-168|.|group
DDI-DrugBank.d339.s4|156-156|.|group
DDI-DrugBank.d339.s5|127-127|.|group
DDI-DrugBank.d339.s6|71-74|with|drug
DDI-DrugBank.d339.s6|107-107|;|group
DDI-DrugBank.d339.s7|63-65|may|drug
DDI-DrugBank.d339.s7|77-79|the|group
DDI-DrugBank.d339.s7|85-85|.|group
DDI-DrugBank.d172.s0|116-116|.|group
DDI-DrugBank.d172.s1|83-83|.|group
DDI-DrugBank.d172.s2|99-99|.|group
DDI-DrugBank.d172.s3|96-96|.|group
DDI-DrugBank.d172.s4|111-111|.|group
DDI-DrugBank.d172.s5|107-107|.|group
DDI-DrugBank.d172.s6|113-113|.|group
DDI-DrugBank.d172.s7|136-136|.|group
DDI-DrugBank.d172.s8|134-134|,|drug
DDI-DrugBank.d172.s8|232-232|.|group
DDI-DrugBank.d172.s9|134-134|.|group
DDI-DrugBank.d172.s10|108-108|.|group
DDI-DrugBank.d172.s11|171-171|.|group
DDI-DrugBank.d172.s12|80-80|.|group
DDI-DrugBank.d172.s13|51-51|.|group
DDI-DrugBank.d172.s14|153-160|CELEBREX|brand
DDI-DrugBank.d172.s14|167-167|.|group
DDI-DrugBank.d172.s15|112-112|.|group
DDI-DrugBank.d172.s16|133-133|.|group
DDI-DrugBank.d172.s17|138-149|Metabolism ) .|brand
DDI-DrugBank.d172.s18|94-94|.|group
DDI-DrugBank.d172.s19|232-232|.|group
DDI-DrugBank.d172.s20|98-98|.|group
DDI-DrugBank.d172.s21|174-174|.|group
DDI-DrugBank.d172.s22|161-161|.|group
DDI-DrugBank.d172.s23|113-113|.|group
DDI-DrugBank.d172.s24|142-142|.|group
DDI-DrugBank.d141.s0|116-122|Muscle .|drug
DDI-DrugBank.d141.s1|124-124|.|group
DDI-DrugBank.d141.s2|99-99|.|group
DDI-DrugBank.d141.s3|30-31|of|group
DDI-DrugBank.d141.s3|80-81|on|group
DDI-DrugBank.d141.s3|203-203|.|group
DDI-DrugBank.d141.s4|144-146|AUC|drug
DDI-DrugBank.d141.s4|214-214|.|group
DDI-DrugBank.d141.s5|242-242|,|drug
DDI-DrugBank.d141.s5|329-329|.|group
DDI-DrugBank.d141.s6|232-232|.|group
DDI-DrugBank.d141.s7|137-137|.|group
DDI-DrugBank.d141.s8|89-89|.|group
DDI-DrugBank.d141.s9|110-111|in|drug
DDI-DrugBank.d141.s9|211-211|.|group
DDI-DrugBank.d141.s10|127-127|.|group
DDI-DrugBank.d141.s11|104-104|.|group
DDI-DrugBank.d141.s12|113-113|%|drug
DDI-DrugBank.d141.s12|230-230|.|group
DDI-DrugBank.d141.s13|252-252|,|drug
DDI-DrugBank.d141.s13|367-367|.|group
DDI-DrugBank.d287.s0|103-104|of|group
DDI-DrugBank.d287.s0|148-148|.|group
DDI-DrugBank.d287.s1|121-121|.|group
DDI-DrugBank.d287.s2|92-92|.|group
DDI-DrugBank.d287.s3|20-25|CYP2D6|drug
DDI-DrugBank.d287.s3|81-81|.|group
DDI-DrugBank.d287.s4|188-188|.|group
DDI-DrugBank.d287.s5|76-76|,|drug
DDI-DrugBank.d287.s5|130-130|.|group
DDI-DrugBank.d255.s0|59-59|.|group
DDI-DrugBank.d110.s0|243-243|.|group
DDI-DrugBank.d110.s1|58-58|.|group
DDI-DrugBank.d110.s2|91-91|.|group
DDI-DrugBank.d110.s3|210-210|.|group
DDI-DrugBank.d110.s4|91-91|.|group
DDI-DrugBank.d110.s5|107-107|.|group
DDI-DrugBank.d429.s0|77-77|;|group
DDI-DrugBank.d429.s1|97-97|.|group
DDI-DrugBank.d429.s2|93-93|.|group
DDI-DrugBank.d429.s3|47-47|.|group
DDI-DrugBank.d429.s4|113-113|.|group
DDI-DrugBank.d429.s5|97-97|.|group
DDI-DrugBank.d429.s6|122-122|.|group
DDI-DrugBank.d429.s7|58-68|recommended|drug
DDI-DrugBank.d429.s7|123-123|.|group
DDI-DrugBank.d446.s0|200-200|,|drug
DDI-DrugBank.d446.s0|214-214|.|group
DDI-DrugBank.d245.s0|59-60|by|group
DDI-DrugBank.d245.s0|128-132|other|drug
DDI-DrugBank.d245.s0|266-266|,|brand
DDI-DrugBank.d245.s0|303-303|.|group
DDI-DrugBank.d245.s1|0-3|When|drug
DDI-DrugBank.d245.s1|65-65|,|drug
DDI-DrugBank.d245.s1|122-122|.|group
DDI-DrugBank.d245.s2|0-3|When|drug
DDI-DrugBank.d245.s2|64-64|,|drug
DDI-DrugBank.d245.s2|114-115|of|group
DDI-DrugBank.d245.s2|124-124|.|group
DDI-DrugBank.d245.s3|65-66|of|group
DDI-DrugBank.d245.s3|75-75|.|group
DDI-DrugBank.d245.s4|213-213|,|drug
DDI-DrugBank.d245.s4|228-228|.|group
DDI-DrugBank.d245.s5|0-3|When|drug
DDI-DrugBank.d245.s5|65-65|,|drug
DDI-DrugBank.d245.s5|115-116|of|group
DDI-DrugBank.d245.s5|125-125|.|group
DDI-DrugBank.d245.s6|0-3|When|drug
DDI-DrugBank.d245.s6|64-64|,|drug
DDI-DrugBank.d245.s6|121-121|.|group
DDI-DrugBank.d245.s7|65-66|be|group
DDI-DrugBank.d245.s7|154-154|.|group
DDI-DrugBank.d245.s8|49-50|be|drug
DDI-DrugBank.d245.s8|88-88|.|group
DDI-DrugBank.d245.s9|125-125|.|group
DDI-DrugBank.d245.s10|118-118|.|group
DDI-DrugBank.d171.s0|346-350|blood|drug
DDI-DrugBank.d171.s0|359-360|of|group
DDI-DrugBank.d171.s0|373-373|.|group
DDI-DrugBank.d171.s1|82-82|;|group
DDI-DrugBank.d171.s2|62-62|,|drug
DDI-DrugBank.d171.s2|79-80|of|group
DDI-DrugBank.d171.s2|164-164|.|group
DDI-DrugBank.d171.s3|113-113|.|group
DDI-DrugBank.d171.s4|352-352|.|group
DDI-DrugBank.d171.s5|37-37|.|group
DDI-DrugBank.d171.s6|109-117|therapy . )|drug
DDI-DrugBank.d171.s7|288-292|blood|drug
DDI-DrugBank.d171.s7|300-300|.|group
DDI-DrugBank.d171.s8|39-40|of|group
DDI-DrugBank.d171.s8|56-56|(|drug_n
DDI-DrugBank.d171.s8|63-76|ketoconazole ) .|drug
DDI-DrugBank.d171.s9|100-100|.|group
DDI-DrugBank.d171.s10|42-46|other|drug
DDI-DrugBank.d171.s10|107-107|.|group
DDI-DrugBank.d237.s0|66-66|.|group
DDI-DrugBank.d237.s1|68-68|,|drug
DDI-DrugBank.d237.s1|157-158|of|group
DDI-DrugBank.d237.s1|251-252|of|group
DDI-DrugBank.d237.s1|273-273|.|group
DDI-DrugBank.d237.s2|80-80|,|drug
DDI-DrugBank.d237.s2|206-208|and|drug
DDI-DrugBank.d237.s2|223-224|of|group
DDI-DrugBank.d237.s2|252-252|.|group
DDI-DrugBank.d237.s3|195-195|.|group
DDI-DrugBank.d237.s4|50-64|anticoagulants ,|group
DDI-DrugBank.d237.s4|116-116|.|group
DDI-DrugBank.d237.s5|134-144|appropriate|drug
DDI-DrugBank.d237.s5|157-158|of|group
DDI-DrugBank.d237.s5|196-196|.|group
DDI-DrugBank.d237.s6|153-155|and|drug
DDI-DrugBank.d237.s6|170-171|of|group
DDI-DrugBank.d237.s6|199-199|.|group
DDI-DrugBank.d237.s7|81-81|,|drug
DDI-DrugBank.d237.s7|210-212|and|drug
DDI-DrugBank.d237.s7|227-228|of|group
DDI-DrugBank.d237.s7|256-256|.|group
DDI-DrugBank.d237.s8|165-165|.|group
DDI-DrugBank.d237.s9|120-121|in|drug
DDI-DrugBank.d237.s9|136-137|of|group
DDI-DrugBank.d237.s9|165-165|.|group
DDI-DrugBank.d237.s10|207-207|.|group
DDI-DrugBank.d237.s11|119-119|.|group
DDI-DrugBank.d237.s12|177-179|and|drug
DDI-DrugBank.d237.s12|194-195|of|group
DDI-DrugBank.d237.s12|223-223|.|group
DDI-DrugBank.d237.s13|139-139|.|group
DDI-DrugBank.d237.s14|43-46|with|drug
DDI-DrugBank.d237.s14|215-215|;|drug
DDI-DrugBank.d237.s15|49-49|;|drug
DDI-DrugBank.d237.s16|57-57|;|drug
DDI-DrugBank.d237.s17|54-54|;|drug
DDI-DrugBank.d237.s18|34-34|,|drug
DDI-DrugBank.d237.s18|50-50|.|group
DDI-DrugBank.d237.s19|50-50|.|group
DDI-DrugBank.d237.s20|89-93|other|group
DDI-DrugBank.d237.s20|100-100|.|group
DDI-DrugBank.d237.s21|38-42|ratio|drug
DDI-DrugBank.d237.s21|53-57|other|drug
DDI-DrugBank.d237.s21|122-122|;|group
DDI-DrugBank.d237.s22|63-63|.|group
DDI-DrugBank.d464.s0|23-26|with|group
DDI-DrugBank.d464.s0|203-203|.|group
DDI-DrugBank.d464.s1|8-8|.|group
DDI-DrugBank.d464.s2|35-35|,|drug
DDI-DrugBank.d464.s2|55-56|or|group
DDI-DrugBank.d464.s2|87-87|.|group
DDI-DrugBank.d250.s0|152-152|.|group
DDI-DrugBank.d250.s1|133-133|.|group
DDI-DrugBank.d250.s2|51-55|other|drug
DDI-DrugBank.d250.s2|282-282|.|group
DDI-DrugBank.d250.s3|76-76|.|group
DDI-DrugBank.d250.s4|87-87|.|group
DDI-DrugBank.d317.s0|35-35|.|group
DDI-DrugBank.d317.s1|57-57|,|drug
DDI-DrugBank.d317.s1|88-88|;|group
DDI-DrugBank.d317.s2|24-24|;|group
DDI-DrugBank.d317.s3|117-117|,|drug
DDI-DrugBank.d317.s3|143-143|;|group
DDI-DrugBank.d317.s4|92-92|;|group
DDI-DrugBank.d317.s5|54-54|;|group
DDI-DrugBank.d317.s6|42-42|.|group
DDI-DrugBank.d317.s7|1-1|.|group
DDI-DrugBank.d317.s8|81-85|total|drug
DDI-DrugBank.d317.s8|177-178|by|drug
DDI-DrugBank.d317.s8|211-212|by|group
DDI-DrugBank.d317.s8|230-230|.|group
DDI-DrugBank.d317.s9|57-57|.|group
DDI-DrugBank.d317.s10|48-48|.|group
DDI-DrugBank.d317.s11|9-10|on|group
DDI-DrugBank.d317.s11|83-83|.|group
DDI-DrugBank.d317.s12|1-1|.|group
DDI-DrugBank.d317.s13|217-217|.|group
DDI-DrugBank.d317.s14|44-44|.|group
DDI-DrugBank.d317.s15|94-108|ceruloplasmin ) .|drug
DDI-DrugBank.d317.s16|1-1|.|group
DDI-DrugBank.d317.s17|138-138|.|group
DDI-DrugBank.d317.s18|1-1|.|group
DDI-DrugBank.d317.s19|26-26|.|group
DDI-DrugBank.d317.s20|1-1|.|group
DDI-DrugBank.d317.s21|35-35|.|group
DDI-DrugBank.d439.s0|82-82|.|group
DDI-DrugBank.d101.s0|69-69|.|group
DDI-DrugBank.d101.s1|127-127|.|group
DDI-DrugBank.d101.s2|82-82|.|group
DDI-DrugBank.d101.s3|16-16|.|group
DDI-DrugBank.d185.s0|51-52|of|group
DDI-DrugBank.d185.s0|164-172|TMP/SMX ) .|drug_n
DDI-DrugBank.d185.s1|45-47|TMP|drug_n
DDI-DrugBank.d185.s1|83-83|.|group
DDI-DrugBank.d185.s2|116-116|.|group
DDI-DrugBank.d185.s3|125-125|.|group
DDI-DrugBank.d185.s4|70-70|.|group
DDI-DrugBank.d185.s5|115-115|.|group
DDI-DrugBank.d185.s6|141-149|reactions|drug
DDI-DrugBank.d185.s7|0-0|.|group
DDI-DrugBank.d69.s0|90-91|of|group
DDI-DrugBank.d69.s0|107-107|.|group
DDI-DrugBank.d69.s1|140-140|.|group
DDI-DrugBank.d69.s2|94-94|.|group
DDI-DrugBank.d69.s3|70-73|with|drug
DDI-DrugBank.d69.s3|104-104|.|group
DDI-DrugBank.d69.s4|116-116|.|group
DDI-DrugBank.d197.s0|165-165|.|group
DDI-DrugBank.d197.s1|109-109|,|drug
DDI-DrugBank.d197.s1|159-160|of|group
DDI-DrugBank.d197.s1|169-169|.|group
DDI-DrugBank.d197.s2|96-96|,|drug
DDI-DrugBank.d197.s2|111-111|.|group
DDI-DrugBank.d197.s3|92-92|,|drug
DDI-DrugBank.d197.s3|130-130|.|group
DDI-DrugBank.d197.s4|200-200|.|group
DDI-DrugBank.d197.s5|110-115|plasma|drug
DDI-DrugBank.d197.s5|279-279|.|group
DDI-DrugBank.d181.s0|207-207|;|group
DDI-DrugBank.d181.s1|73-76|used|drug
DDI-DrugBank.d181.s1|127-127|.|group
DDI-DrugBank.d168.s0|190-193|with|group
DDI-DrugBank.d168.s0|329-329|,|drug
DDI-DrugBank.d168.s0|432-434|the|group
DDI-DrugBank.d168.s0|482-497|antihistamines ) .|group
DDI-DrugBank.d19.s0|43-47|which|group
DDI-DrugBank.d19.s0|110-114|blood|drug
DDI-DrugBank.d19.s0|123-125|and|drug
DDI-DrugBank.d19.s0|192-192|.|group
DDI-DrugBank.d19.s1|94-94|.|group
DDI-DrugBank.d19.s2|212-212|.|group
DDI-DrugBank.d19.s3|46-46|.|group
DDI-DrugBank.d19.s4|127-127|.|group
DDI-DrugBank.d19.s5|79-79|.|group
DDI-DrugBank.d19.s6|148-148|.|group
DDI-DrugBank.d19.s7|140-140|;|group
DDI-DrugBank.d19.s8|58-58|.|group
DDI-DrugBank.d19.s9|116-116|,|drug
DDI-DrugBank.d19.s9|246-246|.|group
DDI-DrugBank.d19.s10|62-62|.|group
DDI-DrugBank.d19.s11|65-65|.|group
DDI-DrugBank.d371.s0|89-92|with|drug
DDI-DrugBank.d371.s0|111-111|.|group
DDI-DrugBank.d371.s1|135-135|,|drug
DDI-DrugBank.d371.s1|250-250|,|drug
DDI-DrugBank.d371.s1|270-270|.|group
DDI-DrugBank.d371.s2|140-140|.|group
DDI-DrugBank.d367.s0|47-47|.|group
DDI-DrugBank.d367.s1|143-143|.|group
DDI-DrugBank.d367.s2|84-101|doxazosin binding .|drug
DDI-DrugBank.d367.s3|155-155|,|drug
DDI-DrugBank.d367.s3|197-197|.|group
DDI-DrugBank.d367.s4|50-50|,|drug
DDI-DrugBank.d367.s4|238-238|,|drug
DDI-DrugBank.d367.s4|340-340|.|group
DDI-DrugBank.d367.s5|70-70|.|group
DDI-DrugBank.d367.s6|121-121|;|group
DDI-DrugBank.d367.s7|86-86|.|group
DDI-DrugBank.d367.s8|51-59|following|group
DDI-DrugBank.d367.s8|85-85|.|group
DDI-DrugBank.d367.s9|28-28|(|drug_n
DDI-DrugBank.d367.s9|104-117|indomethacin ) .|drug
DDI-DrugBank.d367.s10|1-1|.|group
DDI-DrugBank.d367.s11|0-12|Antibiotics (|group
DDI-DrugBank.d367.s11|68-80|amoxicillin ) .|drug
DDI-DrugBank.d367.s12|1-1|.|group
DDI-DrugBank.d367.s13|0-15|Antihistamines (|group
DDI-DrugBank.d367.s13|22-39|chlorpheniramine ) .|drug
DDI-DrugBank.d367.s14|1-1|.|group
DDI-DrugBank.d367.s15|22-22|(|drug_n
DDI-DrugBank.d367.s15|60-72|propranolol ) .|drug
DDI-DrugBank.d367.s16|1-1|.|group
DDI-DrugBank.d367.s17|15-15|.|group
DDI-DrugBank.d367.s18|1-1|.|group
DDI-DrugBank.d367.s19|24-24|(|drug_n
DDI-DrugBank.d367.s19|31-40|antacids ) .|group
DDI-DrugBank.d367.s20|1-1|.|group
DDI-DrugBank.d367.s21|33-33|.|group
DDI-DrugBank.d367.s22|1-1|.|group
DDI-DrugBank.d367.s23|28-28|(|drug_n
DDI-DrugBank.d367.s23|35-44|diazepam ) .|drug
DDI-DrugBank.d367.s24|1-1|.|group
DDI-DrugBank.d367.s25|0-3|Cold|drug
DDI-DrugBank.d367.s25|21-21|.|group
DDI-DrugBank.d223.s0|56-57|of|group
DDI-DrugBank.d223.s0|109-109|(|drug_n
DDI-DrugBank.d223.s0|158-159|of|group
DDI-DrugBank.d223.s0|245-245|;|drug
DDI-DrugBank.d223.s1|19-20|of|group
DDI-DrugBank.d223.s1|138-138|.|group
DDI-DrugBank.d223.s2|124-124|.|group
DDI-DrugBank.d223.s3|57-57|,|drug
DDI-DrugBank.d223.s3|156-157|of|group
DDI-DrugBank.d223.s3|166-167|) .|drug
DDI-DrugBank.d223.s4|102-105|poor|drug
DDI-DrugBank.d223.s4|119-119|.|group
DDI-DrugBank.d223.s5|140-140|.|group
DDI-DrugBank.d223.s6|81-82|by|group
DDI-DrugBank.d223.s6|105-105|;|group
DDI-DrugBank.d223.s7|97-97|,|drug
DDI-DrugBank.d223.s7|147-158|flecainide ) .|drug
DDI-DrugBank.d223.s8|117-117|,|drug
DDI-DrugBank.d223.s8|181-182|of|group
DDI-DrugBank.d223.s8|194-194|.|group
DDI-DrugBank.d223.s9|109-111|and|drug
DDI-DrugBank.d223.s9|134-135|of|group
DDI-DrugBank.d223.s9|154-154|.|group
DDI-DrugBank.d223.s10|77-78|of|group
DDI-DrugBank.d223.s10|139-139|.|group
DDI-DrugBank.d223.s11|157-158|of|group
DDI-DrugBank.d223.s11|218-228|necessary ) .|drug
DDI-DrugBank.d223.s12|198-198|.|group
DDI-DrugBank.d223.s13|35-39|other|drug
DDI-DrugBank.d223.s13|138-138|.|group
DDI-DrugBank.d223.s14|145-145|.|group
DDI-DrugBank.d223.s15|78-87|pathways ) .|drug
DDI-DrugBank.d223.s16|119-124|plasma|drug
DDI-DrugBank.d223.s16|182-182|.|group
DDI-DrugBank.d223.s17|72-72|.|group
DDI-DrugBank.d223.s18|96-96|.|group
DDI-DrugBank.d223.s19|101-102|of|group
DDI-DrugBank.d223.s19|137-137|.|group
DDI-DrugBank.d223.s20|101-102|of|group
DDI-DrugBank.d223.s20|125-125|.|group
DDI-DrugBank.d223.s21|95-95|,|drug
DDI-DrugBank.d223.s21|140-140|,|brand
DDI-DrugBank.d223.s21|165-165|.|group
DDI-DrugBank.d223.s22|125-126|of|group
DDI-DrugBank.d223.s22|161-161|.|group
DDI-DrugBank.d223.s23|217-217|.|group
DDI-DrugBank.d223.s24|143-143|.|group
DDI-DrugBank.d223.s25|290-290|.|group
DDI-DrugBank.d223.s26|147-147|.|group
DDI-DrugBank.d223.s27|72-72|.|group
DDI-DrugBank.d223.s28|168-175|mg/day ) .|drug
DDI-DrugBank.d44.s0|67-67|.|group
DDI-DrugBank.d44.s1|27-30|with|drug
DDI-DrugBank.d44.s1|61-61|.|group
DDI-DrugBank.d44.s2|11-14|live|group
DDI-DrugBank.d44.s2|96-96|.|group
DDI-DrugBank.d44.s3|162-162|.|group
DDI-DrugBank.d531.s0|49-49|.|group
DDI-DrugBank.d531.s1|121-131|efavirenz ) .|drug
DDI-DrugBank.d531.s2|68-68|,|drug
DDI-DrugBank.d531.s2|143-143|.|group
DDI-DrugBank.d531.s3|125-126|of|group
DDI-DrugBank.d531.s3|151-151|.|group
DDI-DrugBank.d531.s4|72-72|.|group
DDI-DrugBank.d531.s5|175-175|.|group
DDI-DrugBank.d531.s6|56-56|.|group
DDI-DrugBank.d531.s7|55-61|SUSTIVA|brand
DDI-DrugBank.d531.s8|5-9|Class|drug
DDI-DrugBank.d531.s9|49-55|SUSTIVA|brand
DDI-DrugBank.d531.s10|65-74|Antifungal|group
DDI-DrugBank.d531.s11|60-71|voriconazole|drug
DDI-DrugBank.d531.s12|17-28|Interactions|group
DDI-DrugBank.d531.s14|5-8|Name|drug
DDI-DrugBank.d531.s15|0-5|Effect|group
DDI-DrugBank.d531.s16|9-15|Comment|group
DDI-DrugBank.d531.s17|0-9|Atazanavir|drug
DDI-DrugBank.d531.s18|0-9|atazanavir|drug
DDI-DrugBank.d531.s19|60-60|,|drug
DDI-DrugBank.d531.s19|126-127|mg|drug
DDI-DrugBank.d531.s19|158-164|daily ) .|drug
DDI-DrugBank.d531.s20|109-109|.|group
DDI-DrugBank.d531.s21|31-40|continued )|group
DDI-DrugBank.d531.s22|5-8|Name|drug
DDI-DrugBank.d531.s23|0-5|Effect|group
DDI-DrugBank.d531.s24|9-15|Comment|group
DDI-DrugBank.d531.s25|0-13|Clarithromycin|drug
DDI-DrugBank.d531.s26|15-27|concentration|group
DDI-DrugBank.d531.s27|42-42|;|group
DDI-DrugBank.d531.s28|29-29|.|group
DDI-DrugBank.d531.s29|87-87|.|group
DDI-DrugBank.d531.s30|3-6|dose|drug
DDI-DrugBank.d531.s30|75-75|.|group
DDI-DrugBank.d531.s31|74-74|.|group
DDI-DrugBank.d531.s32|100-100|.|group
DDI-DrugBank.d531.s34|17-29|concentration|group
DDI-DrugBank.d531.s35|0-8|Indinavir|drug
DDI-DrugBank.d531.s36|10-22|concentration|group
DDI-DrugBank.d531.s37|83-83|.|group
DDI-DrugBank.d531.s38|128-128|.|group
DDI-DrugBank.d531.s39|102-102|,|drug
DDI-DrugBank.d531.s39|165-165|%|drug
DDI-DrugBank.d531.s39|258-258|.|group
DDI-DrugBank.d531.s40|0-18|Lopinavir/ritonavir|drug
DDI-DrugBank.d531.s41|10-22|concentration|group
DDI-DrugBank.d531.s42|156-156|.|group
DDI-DrugBank.d531.s43|0-8|Methadone|drug
DDI-DrugBank.d531.s44|10-22|concentration|group
DDI-DrugBank.d531.s45|161-161|.|group
DDI-DrugBank.d531.s46|78-78|.|group
DDI-DrugBank.d531.s47|132-132|.|group
DDI-DrugBank.d531.s48|0-16|Ethinyl estradiol|drug
DDI-DrugBank.d531.s49|18-30|concentration|group
DDI-DrugBank.d531.s50|54-54|;|drug
DDI-DrugBank.d531.s51|29-29|.|group
DDI-DrugBank.d531.s52|198-198|.|group
DDI-DrugBank.d531.s53|0-8|Rifabutin|drug
DDI-DrugBank.d531.s54|10-22|concentration|group
DDI-DrugBank.d531.s55|39-39|.|group
DDI-DrugBank.d531.s56|93-93|.|group
DDI-DrugBank.d531.s57|0-7|Rifampin|brand
DDI-DrugBank.d531.s58|10-22|concentration|group
DDI-DrugBank.d531.s59|65-65|.|group
DDI-DrugBank.d531.s60|0-8|Ritonavir|drug
DDI-DrugBank.d531.s61|10-22|concentration|group
DDI-DrugBank.d531.s62|97-97|,|drug
DDI-DrugBank.d531.s62|165-173|enzymes ) .|group
DDI-DrugBank.d531.s63|93-93|.|group
DDI-DrugBank.d531.s64|10-22|concentration|group
DDI-DrugBank.d531.s65|0-9|Saquinavir|drug
DDI-DrugBank.d531.s66|11-23|concentration|group
DDI-DrugBank.d531.s67|73-73|.|group
DDI-DrugBank.d531.s68|0-9|Sertraline|drug
DDI-DrugBank.d531.s69|11-23|concentration|group
DDI-DrugBank.d531.s70|66-66|.|group
DDI-DrugBank.d531.s71|82-89|SUSTIVAb|group
DDI-DrugBank.d531.s72|16-23|Warfarin|drug
DDI-DrugBank.d531.s73|79-79|.|group
DDI-DrugBank.d531.s74|41-53|Carbamazepine|drug
DDI-DrugBank.d531.s75|72-72|;|group
DDI-DrugBank.d531.s76|71-71|.|group
DDI-DrugBank.d531.s77|26-37|Ketoconazole|drug
DDI-DrugBank.d531.s78|106-106|.|group
DDI-DrugBank.d531.s79|92-92|.|group
DDI-DrugBank.d531.s80|30-61|Saquinavir/ritonavir combination|drug
DDI-DrugBank.d531.s81|37-37|.|group
DDI-DrugBank.d531.s82|0-9|Amprenavir|drug
DDI-DrugBank.d531.s83|71-71|.|group
DDI-DrugBank.d531.s84|15-46|reverse transcriptase inhibitors|drug
DDI-DrugBank.d531.s85|31-34|with|drug
DDI-DrugBank.d531.s85|48-48|.|group
DDI-DrugBank.d531.s86|27-37|perforatum )|drug
DDI-DrugBank.d531.s87|110-110|.|group
DDI-DrugBank.d531.s88|13-13|1|drug
DDI-DrugBank.d531.s88|20-20|.|group
DDI-DrugBank.d531.s89|33-33|.|group
DDI-DrugBank.d531.s90|288-288|,|drug
DDI-DrugBank.d531.s90|304-304|.|group
DDI-DrugBank.d531.s91|63-69|SUSTIVA|brand
DDI-DrugBank.d531.s91|117-117|.|group
DDI-DrugBank.d531.s92|58-62|since|group
DDI-DrugBank.d531.s92|215-215|.|group
DDI-DrugBank.d107.s0|89-92|whom|drug
DDI-DrugBank.d107.s0|222-223|of|group
DDI-DrugBank.d107.s0|262-262|.|group
DDI-DrugBank.d107.s1|16-17|of|group
DDI-DrugBank.d107.s1|215-215|.|group
DDI-DrugBank.d107.s2|31-33|the|group
DDI-DrugBank.d107.s2|196-197|..|group
DDI-DrugBank.d107.s3|145-153|release (|drug
DDI-DrugBank.d107.s3|160-170|diuretics ) .|group
DDI-DrugBank.d107.s4|152-152|,|drug
DDI-DrugBank.d107.s4|244-244|.|group
DDI-DrugBank.d107.s5|36-36|.|group
DDI-DrugBank.d107.s6|118-118|.|group
DDI-DrugBank.d107.s7|50-51|of|group
DDI-DrugBank.d107.s7|91-91|.|group
DDI-DrugBank.d107.s8|95-95|.|group
DDI-DrugBank.d107.s9|106-106|.|group
DDI-DrugBank.d107.s10|267-267|.|group
DDI-DrugBank.d107.s11|116-116|.|group
DDI-DrugBank.d107.s12|120-120|.|group
DDI-DrugBank.d107.s13|18-28|diuretics (|group
DDI-DrugBank.d107.s13|195-195|.|group
DDI-DrugBank.d107.s14|176-176|.|group
DDI-DrugBank.d107.s15|104-104|.|group
DDI-DrugBank.d107.s16|158-158|.|group
DDI-DrugBank.d107.s17|123-123|.|group
DDI-DrugBank.d395.s0|170-170|.|group
DDI-DrugBank.d395.s1|88-88|.|group
DDI-DrugBank.d395.s2|41-42|of|group
DDI-DrugBank.d395.s2|123-123|.|group
DDI-DrugBank.d395.s3|214-216|AUC|drug
DDI-DrugBank.d395.s3|247-247|.|group
DDI-DrugBank.d395.s4|109-109|.|group
DDI-DrugBank.d395.s5|108-108|.|group
DDI-DrugBank.d395.s6|108-111|with|drug
DDI-DrugBank.d395.s6|127-128|of|group
DDI-DrugBank.d395.s6|149-149|.|group
DDI-DrugBank.d395.s7|68-68|.|group
DDI-DrugBank.d395.s8|89-93|given|drug
DDI-DrugBank.d395.s8|157-162|levels|drug
DDI-DrugBank.d395.s8|202-202|.|group
DDI-DrugBank.d395.s9|163-163|.|group
DDI-DrugBank.d395.s10|108-108|.|group
DDI-DrugBank.d395.s11|58-58|.|group
DDI-DrugBank.d395.s12|68-68|.|group
DDI-DrugBank.d395.s13|96-96|;|group
DDI-DrugBank.d395.s14|15-15|;|group
DDI-DrugBank.d395.s15|47-47|;|group
DDI-DrugBank.d395.s16|156-156|.|group
DDI-DrugBank.d395.s17|108-108|.|group
DDI-DrugBank.d395.s18|90-90|.|group
DDI-DrugBank.d395.s19|96-96|.|group
DDI-DrugBank.d395.s20|45-46|of|group
DDI-DrugBank.d395.s20|127-127|.|group
DDI-DrugBank.d395.s21|197-197|.|group
DDI-DrugBank.d395.s22|113-113|.|group
DDI-DrugBank.d395.s23|78-78|,|drug
DDI-DrugBank.d395.s23|122-122|.|group
DDI-DrugBank.d395.s24|39-40|of|group
DDI-DrugBank.d395.s24|61-61|,|drug
DDI-DrugBank.d395.s24|161-161|.|group
DDI-DrugBank.d395.s25|12-12|,|drug
DDI-DrugBank.d395.s25|159-159|.|group
DDI-DrugBank.d241.s0|140-140|.|group
DDI-DrugBank.d241.s1|53-56|used|drug
DDI-DrugBank.d241.s1|128-129|of|group
DDI-DrugBank.d241.s1|139-139|.|group
DDI-DrugBank.d241.s2|139-139|.|group
DDI-DrugBank.d241.s3|94-94|,|drug
DDI-DrugBank.d241.s3|363-363|%|drug
DDI-DrugBank.d241.s3|462-462|.|group
DDI-DrugBank.d241.s4|83-83|.|group
DDI-DrugBank.d241.s5|92-93|of|group
DDI-DrugBank.d241.s5|189-189|.|group
DDI-DrugBank.d525.s0|79-81|and|drug
DDI-DrugBank.d525.s0|129-129|.|group
DDI-DrugBank.d525.s1|81-81|.|group
DDI-DrugBank.d525.s2|143-143|,|drug
DDI-DrugBank.d525.s2|293-293|.|group
DDI-DrugBank.d525.s3|60-60|.|group
DDI-DrugBank.d525.s4|116-136|hydrochlorothiazide ) .|drug
DDI-DrugBank.d525.s5|206-206|.|group
DDI-DrugBank.d278.s0|180-180|.|group
DDI-DrugBank.d152.s0|101-101|.|group
DDI-DrugBank.d152.s1|116-116|;|group
DDI-DrugBank.d152.s2|47-47|,|drug
DDI-DrugBank.d152.s2|54-54|;|group
DDI-DrugBank.d152.s3|24-24|;|group
DDI-DrugBank.d152.s4|54-54|;|group
DDI-DrugBank.d152.s5|74-78|total|drug
DDI-DrugBank.d152.s5|120-121|by|group
DDI-DrugBank.d152.s5|137-138|by|group
DDI-DrugBank.d152.s5|156-156|.|group
DDI-DrugBank.d152.s6|62-62|;|group
DDI-DrugBank.d152.s7|62-62|;|group
DDI-DrugBank.d152.s8|32-32|;|group
DDI-DrugBank.d152.s9|35-35|;|group
DDI-DrugBank.d152.s10|34-34|;|group
DDI-DrugBank.d152.s11|59-59|.|group
DDI-DrugBank.d359.s0|29-32|with|group
DDI-DrugBank.d359.s0|126-126|.|group
DDI-DrugBank.d359.s1|190-190|.|group
DDI-DrugBank.d359.s2|68-68|,|drug
DDI-DrugBank.d359.s2|120-120|.|group
DDI-DrugBank.d359.s3|204-204|.|group
DDI-DrugBank.d359.s4|147-149|its|group
DDI-DrugBank.d359.s4|161-161|.|group
DDI-DrugBank.d359.s5|74-81|ethotoin|drug
DDI-DrugBank.d359.s5|124-124|.|group
DDI-DrugBank.d359.s6|102-102|.|group
DDI-DrugBank.d219.s0|101-101|.|group
DDI-DrugBank.d219.s1|106-106|.|group
DDI-DrugBank.d219.s2|113-113|.|group
DDI-DrugBank.d219.s3|125-125|.|group
DDI-DrugBank.d219.s4|137-137|.|group
DDI-DrugBank.d219.s5|58-58|;|group
DDI-DrugBank.d219.s6|12-15|with|drug
DDI-DrugBank.d219.s6|117-118|of|group
DDI-DrugBank.d219.s6|162-162|.|group
DDI-DrugBank.d219.s7|141-142|of|group
DDI-DrugBank.d219.s7|227-227|,|drug
DDI-DrugBank.d219.s7|251-251|.|group
DDI-DrugBank.d219.s8|64-64|.|group
DDI-DrugBank.d219.s9|19-23|these|group
DDI-DrugBank.d219.s9|71-71|,|drug
DDI-DrugBank.d219.s9|173-174|of|group
DDI-DrugBank.d219.s9|200-201|of|group
DDI-DrugBank.d219.s9|214-214|.|group
DDI-DrugBank.d219.s10|120-120|.|group
DDI-DrugBank.d219.s11|171-171|.|group
DDI-DrugBank.d219.s12|80-80|.|group
DDI-DrugBank.d219.s13|0-5|During|drug
DDI-DrugBank.d219.s13|38-38|,|drug
DDI-DrugBank.d219.s13|121-126|assure|drug
DDI-DrugBank.d219.s13|145-145|.|group
DDI-DrugBank.d219.s14|96-96|.|group
DDI-DrugBank.d219.s15|16-19|have|drug
DDI-DrugBank.d219.s15|110-110|.|group
DDI-DrugBank.d219.s16|51-51|%|drug
DDI-DrugBank.d219.s16|111-111|.|group
DDI-DrugBank.d219.s17|94-94|.|group
DDI-DrugBank.d219.s18|34-45|administered|drug
DDI-DrugBank.d219.s18|128-128|.|group
DDI-DrugBank.d219.s19|94-94|.|group
DDI-DrugBank.d219.s20|172-172|.|group
DDI-DrugBank.d219.s21|96-96|.|group
DDI-DrugBank.d219.s22|197-197|.|group
DDI-DrugBank.d219.s23|246-246|.|group
DDI-DrugBank.d219.s24|166-166|.|group
DDI-DrugBank.d219.s25|70-75|dosage|drug
DDI-DrugBank.d219.s25|102-102|.|group
DDI-DrugBank.d219.s26|212-212|.|group
DDI-DrugBank.d219.s27|34-36|The|drug
DDI-DrugBank.d219.s27|195-195|.|group
DDI-DrugBank.d219.s28|149-149|.|group
DDI-DrugBank.d219.s29|9-9|,|drug
DDI-DrugBank.d219.s29|51-54|with|group
DDI-DrugBank.d219.s29|91-91|.|group
DDI-DrugBank.d219.s30|38-38|.|group
DDI-DrugBank.d219.s31|78-78|.|group
DDI-DrugBank.d219.s32|154-154|.|group
DDI-DrugBank.d219.s33|61-61|.|group
DDI-DrugBank.d104.s0|114-114|.|group
DDI-DrugBank.d104.s1|121-121|.|group
DDI-DrugBank.d546.s0|104-104|.|group
DDI-DrugBank.d546.s1|133-134|of|group
DDI-DrugBank.d546.s1|181-181|.|group
DDI-DrugBank.d546.s2|193-193|.|group
DDI-DrugBank.d546.s3|133-133|,|brand
DDI-DrugBank.d546.s3|173-178|loop ) .|drug
DDI-DrugBank.d776.s0|64-71|DIFLUCAN|brand
DDI-DrugBank.d776.s0|124-124|.|group
DDI-DrugBank.d776.s1|45-52|DIFLUCAN|brand
DDI-DrugBank.d776.s1|105-105|.|group
DDI-DrugBank.d776.s2|363-363|;|group
DDI-DrugBank.d776.s3|78-85|DIFLUCAN|brand
DDI-DrugBank.d776.s3|104-104|.|group
DDI-DrugBank.d776.s4|57-57|,|drug
DDI-DrugBank.d776.s4|91-96|plasma|drug
DDI-DrugBank.d776.s4|127-127|.|group
DDI-DrugBank.d776.s5|154-156|and|drug
DDI-DrugBank.d776.s5|167-168|of|group
DDI-DrugBank.d776.s5|218-218|.|group
DDI-DrugBank.d776.s6|98-105|DIFLUCAN|brand
DDI-DrugBank.d776.s6|139-139|.|group
DDI-DrugBank.d776.s7|33-36|with|drug
DDI-DrugBank.d776.s7|88-88|,|drug
DDI-DrugBank.d776.s7|137-137|,|drug
DDI-DrugBank.d776.s7|200-201|in|drug
DDI-DrugBank.d776.s7|280-280|.|group
DDI-DrugBank.d776.s8|61-68|DIFLUCAN|brand
DDI-DrugBank.d776.s8|117-117|.|group
DDI-DrugBank.d776.s9|73-81|Studies . )|drug
DDI-DrugBank.d776.s10|68-68|.|group
DDI-DrugBank.d776.s11|106-106|.|group
DDI-DrugBank.d776.s12|73-81|Studies . )|drug
DDI-DrugBank.d776.s13|131-131|.|group
DDI-DrugBank.d776.s14|108-115|DIFLUCAN|brand
DDI-DrugBank.d776.s14|133-133|.|group
DDI-DrugBank.d776.s15|45-53|Studies . )|drug
DDI-DrugBank.d776.s16|80-80|.|group
DDI-DrugBank.d776.s17|139-139|.|group
DDI-DrugBank.d776.s18|73-73|.|group
DDI-DrugBank.d776.s19|78-85|DIFLUCAN|brand
DDI-DrugBank.d776.s19|118-118|.|group
DDI-DrugBank.d776.s20|21-22|of|group
DDI-DrugBank.d776.s20|81-82|to|drug
DDI-DrugBank.d776.s20|97-98|of|group
DDI-DrugBank.d776.s20|229-229|.|group
DDI-DrugBank.d776.s21|100-100|.|group
DDI-DrugBank.d776.s22|19-24|400-mg|drug
DDI-DrugBank.d776.s22|211-211|.|group
DDI-DrugBank.d776.s23|97-97|.|group
DDI-DrugBank.d776.s24|113-113|.|group
DDI-DrugBank.d776.s25|148-148|.|group
DDI-DrugBank.d776.s26|167-169|and|drug
DDI-DrugBank.d776.s26|199-199|.|group
DDI-DrugBank.d776.s27|65-65|.|group
DDI-DrugBank.d776.s28|81-85|other|drug
DDI-DrugBank.d776.s28|185-186|of|group
DDI-DrugBank.d776.s28|199-199|.|group
DDI-DrugBank.d776.s29|97-97|.|group
DDI-DrugBank.d776.s30|38-38|.|group
DDI-DrugBank.d776.s31|35-36|of|group
DDI-DrugBank.d776.s31|111-111|.|group
DDI-DrugBank.d776.s32|88-88|.|group
DDI-DrugBank.d776.s33|120-120|.|group
DDI-DrugBank.d776.s34|89-89|.|group
DDI-DrugBank.d776.s35|171-171|.|group
DDI-DrugBank.d776.s36|148-148|.|group
DDI-DrugBank.d776.s37|204-204|,|drug
DDI-DrugBank.d776.s37|256-256|.|group
DDI-DrugBank.d776.s38|40-57|ethinyl estradiol-|group
DDI-DrugBank.d776.s38|94-107|contraceptives|group
DDI-DrugBank.d776.s38|189-189|;|group
DDI-DrugBank.d776.s39|55-55|%|drug
DDI-DrugBank.d776.s39|111-111|.|group
DDI-DrugBank.d776.s40|192-192|.|group
DDI-DrugBank.d776.s41|213-213|.|group
DDI-DrugBank.d776.s42|63-63|.|group
DDI-DrugBank.d776.s43|214-214|.|group
DDI-DrugBank.d78.s0|124-124|.|group
DDI-DrugBank.d78.s1|474-474|.|group
DDI-DrugBank.d78.s2|100-100|.|group
DDI-DrugBank.d78.s3|102-113|theobromine .|drug
DDI-DrugBank.d78.s4|67-67|.|group
DDI-DrugBank.d78.s5|16-16|,|drug
DDI-DrugBank.d78.s5|86-86|,|drug
DDI-DrugBank.d78.s5|125-136|theobromine .|drug
DDI-DrugBank.d78.s6|55-56|of|group
DDI-DrugBank.d78.s6|88-88|.|group
DDI-DrugBank.d78.s7|114-114|.|group
DDI-DrugBank.d78.s8|91-91|,|drug
DDI-DrugBank.d78.s8|306-306|.|group
DDI-DrugBank.d78.s9|131-131|.|group
DDI-DrugBank.d78.s10|268-268|.|group
DDI-DrugBank.d78.s11|217-217|.|group
DDI-DrugBank.d78.s12|112-112|.|group
DDI-DrugBank.d78.s13|124-124|.|group
DDI-DrugBank.d78.s14|107-107|.|group
DDI-DrugBank.d78.s15|0-4|Other|group
DDI-DrugBank.d78.s15|32-32|.|group
DDI-DrugBank.d78.s16|53-53|,|drug
DDI-DrugBank.d78.s16|68-68|.|group
DDI-DrugBank.d78.s17|23-24|of|group
DDI-DrugBank.d78.s17|115-115|.|group
DDI-DrugBank.d78.s18|124-124|.|group
DDI-DrugBank.d78.s19|193-193|.|group
DDI-DrugBank.d78.s20|188-188|.|group
DDI-DrugBank.d78.s21|98-98|.|group
DDI-DrugBank.d302.s0|5-53|//www.rxlist.com/cgi/generic3/guanethidine_od.htm|drug
DDI-DrugBank.d186.s0|73-85|tremulousness|drug
DDI-DrugBank.d186.s0|125-125|,|drug
DDI-DrugBank.d186.s0|163-163|,|drug
DDI-DrugBank.d186.s0|168-168|,|drug
DDI-DrugBank.d186.s0|280-280|.|group
DDI-DrugBank.d186.s1|43-45|and|drug
DDI-DrugBank.d186.s1|124-124|;|group
DDI-DrugBank.d186.s2|178-178|.|group
DDI-DrugBank.d186.s3|3-6|with|drug
DDI-DrugBank.d186.s3|142-142|,|drug
DDI-DrugBank.d186.s3|155-155|.|group
DDI-DrugBank.d186.s4|160-161|on|group
DDI-DrugBank.d186.s4|226-226|.|group
DDI-DrugBank.d186.s5|169-169|.|group
DDI-DrugBank.d186.s6|134-134|.|group
DDI-DrugBank.d514.s0|141-141|.|group
DDI-DrugBank.d514.s1|15-18|with|group
DDI-DrugBank.d514.s1|213-213|.|group
DDI-DrugBank.d514.s2|177-177|,|drug
DDI-DrugBank.d514.s2|213-213|.|group
DDI-DrugBank.d514.s3|133-133|.|group
DDI-DrugBank.d514.s4|73-73|.|group
DDI-DrugBank.d17.s0|16-19|oral|group
DDI-DrugBank.d17.s1|72-72|;|group
DDI-DrugBank.d17.s2|26-36|necessary . )|drug
DDI-DrugBank.d17.s3|0-19|Antigout medications|group
DDI-DrugBank.d17.s4|58-58|;|group
DDI-DrugBank.d17.s5|0-5|dosage|drug
DDI-DrugBank.d17.s5|88-93|gout . )|group
DDI-DrugBank.d17.s6|142-142|,|drug
DDI-DrugBank.d17.s6|169-175|surgery|drug
DDI-DrugBank.d17.s7|74-74|;|group
DDI-DrugBank.d17.s8|26-36|necessary . )|drug
DDI-DrugBank.d17.s9|52-56|ACTH )|drug
DDI-DrugBank.d17.s10|90-102|hypokalemia . )|drug
DDI-DrugBank.d17.s11|8-17|glycosides|group
DDI-DrugBank.d17.s12|106-118|hypokalemia . )|drug
DDI-DrugBank.d17.s13|0-9|Colestipol|drug
DDI-DrugBank.d17.s14|41-42|of|group
DDI-DrugBank.d17.s14|66-66|;|group
DDI-DrugBank.d17.s15|57-72|is recommended . )|drug
DDI-DrugBank.d17.s16|0-12|Hypoglycemics|group
DDI-DrugBank.d17.s17|50-50|;|group
DDI-DrugBank.d17.s18|27-32|dosage|drug
DDI-DrugBank.d17.s18|107-114|thiazide|drug
DDI-DrugBank.d17.s18|132-132|;|group
DDI-DrugBank.d17.s19|53-63|unchanged . )|drug
DDI-DrugBank.d17.s20|8-12|salts|drug
DDI-DrugBank.d17.s21|122-132|clearance . )|drug
DDI-DrugBank.d17.s22|0-10|Methenamine|drug
DDI-DrugBank.d17.s23|105-106|of|group
DDI-DrugBank.d17.s24|13-36|anti-inflammatory agents|group
DDI-DrugBank.d17.s25|17-17|,|drug
DDI-DrugBank.d17.s25|68-70|the|group
DDI-DrugBank.d17.s25|93-93|,|drug
DDI-DrugBank.d17.s25|150-150|,|drug
DDI-DrugBank.d17.s25|174-174|.|group
DDI-DrugBank.d17.s26|81-84|used|drug
DDI-DrugBank.d17.s26|99-99|,|drug
DDI-DrugBank.d17.s26|175-176|of|group
DDI-DrugBank.d17.s26|194-203|obtained . )|drug
DDI-DrugBank.d17.s27|0-13|Norepinephrine|drug
DDI-DrugBank.d17.s28|65-65|.|group
DDI-DrugBank.d17.s29|60-61|of|group
DDI-DrugBank.d17.s29|97-101|use . )|drug
DDI-DrugBank.d17.s30|0-11|Tubocurarine|drug
DDI-DrugBank.d17.s31|51-64|tubocurarine . )|drug
DDI-DrugBank.d17.s32|420-420|,|drug
DDI-DrugBank.d17.s32|457-457|;|group
DDI-DrugBank.d17.s33|39-44|uremic|drug
DDI-DrugBank.d17.s33|198-198|.|group
DDI-DrugBank.d418.s0|68-68|.|group
DDI-DrugBank.d308.s0|194-194|.|group
DDI-DrugBank.d308.s1|128-128|.|group
DDI-DrugBank.d308.s2|128-130|car|group
DDI-DrugBank.d308.s2|184-184|.|group
DDI-DrugBank.d308.s3|85-85|,|drug
DDI-DrugBank.d308.s3|144-144|.|group
DDI-DrugBank.d515.s0|176-179|with|drug
DDI-DrugBank.d515.s0|225-225|.|group
DDI-DrugBank.d549.s0|149-149|.|group
DDI-DrugBank.d549.s1|114-114|.|group
DDI-DrugBank.d549.s2|149-149|.|group
DDI-DrugBank.d549.s3|207-207|,|drug
DDI-DrugBank.d549.s3|230-230|.|group
DDI-DrugBank.d549.s4|81-81|.|group
DDI-DrugBank.d549.s5|79-79|.|group
DDI-DrugBank.d549.s6|169-169|.|group
DDI-DrugBank.d97.s0|26-27|of|group
DDI-DrugBank.d97.s0|63-63|.|group
DDI-DrugBank.d97.s1|117-118|of|group
DDI-DrugBank.d97.s1|203-203|.|group
DDI-DrugBank.d97.s2|34-34|.|group
DDI-DrugBank.d97.s3|147-147|.|group
DDI-DrugBank.d97.s4|20-27|CRIXIVAN|brand
DDI-DrugBank.d97.s4|33-37|other|drug
DDI-DrugBank.d97.s4|167-167|.|group
DDI-DrugBank.d97.s5|6-6|8|group
DDI-DrugBank.d97.s6|45-52|CRIXIVAN|drug
DDI-DrugBank.d97.s7|31-37|Comment|group
DDI-DrugBank.d97.s8|17-26|amiodarone|drug
DDI-DrugBank.d97.s9|106-106|.|group
DDI-DrugBank.d97.s10|62-77|methylergonovine|drug
DDI-DrugBank.d97.s11|159-160|of|group
DDI-DrugBank.d97.s11|195-195|.|group
DDI-DrugBank.d97.s12|31-39|triazolam|drug
DDI-DrugBank.d97.s13|144-144|.|group
DDI-DrugBank.d97.s14|20-28|cisapride|drug
DDI-DrugBank.d97.s15|106-106|.|group
DDI-DrugBank.d97.s16|13-20|pimozide|drug
DDI-DrugBank.d97.s17|106-106|.|group
DDI-DrugBank.d97.s18|44-54|perforatum )|drug
DDI-DrugBank.d97.s19|113-113|.|group
DDI-DrugBank.d97.s20|19-26|rifampin|drug
DDI-DrugBank.d97.s21|159-159|.|group
DDI-DrugBank.d97.s22|42-52|simvastatin|group
DDI-DrugBank.d97.s23|57-65|including|drug
DDI-DrugBank.d97.s23|81-81|.|group
DDI-DrugBank.d97.s24|20-29|atazanavir|drug
DDI-DrugBank.d97.s25|91-91|.|group
DDI-DrugBank.d97.s26|13-14|of|group
DDI-DrugBank.d97.s26|116-116|.|group
DDI-DrugBank.d97.s27|6-6|9|group
DDI-DrugBank.d97.s28|161-171|Interaction|group
DDI-DrugBank.d97.s29|5-8|Name|drug
DDI-DrugBank.d97.s30|0-5|Effect|group
DDI-DrugBank.d97.s31|9-15|Comment|group
DDI-DrugBank.d97.s32|4-19|Antiviral Agents|group
DDI-DrugBank.d97.s33|0-10|Delavirdine|drug
DDI-DrugBank.d97.s34|10-22|concentration|group
DDI-DrugBank.d97.s35|120-120|.|group
DDI-DrugBank.d97.s36|0-9|Didanosine|drug
DDI-DrugBank.d97.s37|122-122|.|group
DDI-DrugBank.d97.s38|0-8|Efavirenz|drug
DDI-DrugBank.d97.s39|10-22|concentration|group
DDI-DrugBank.d97.s40|85-85|.|group
DDI-DrugBank.d97.s41|130-130|.|group
DDI-DrugBank.d97.s42|0-9|Nelfinavir|drug
DDI-DrugBank.d97.s43|10-22|concentration|group
DDI-DrugBank.d97.s44|106-106|.|group
DDI-DrugBank.d97.s45|0-9|Nevirapine|drug
DDI-DrugBank.d97.s46|10-22|concentration|group
DDI-DrugBank.d97.s47|71-71|.|group
DDI-DrugBank.d97.s48|106-106|.|group
DDI-DrugBank.d97.s49|0-8|Ritonavir|drug
DDI-DrugBank.d97.s50|36-48|concentration|group
DDI-DrugBank.d97.s51|106-106|.|group
DDI-DrugBank.d97.s52|184-184|.|group
DDI-DrugBank.d97.s53|0-9|Saquinavir|drug
DDI-DrugBank.d97.s54|11-23|concentration|group
DDI-DrugBank.d97.s55|106-106|.|group
DDI-DrugBank.d97.s56|0-11|Other Agents|group
DDI-DrugBank.d97.s57|52-60|quinidine|drug
DDI-DrugBank.d97.s58|22-34|concentration|group
DDI-DrugBank.d97.s59|130-130|.|group
DDI-DrugBank.d97.s60|47-55|phenytoin|drug
DDI-DrugBank.d97.s61|10-22|concentration|group
DDI-DrugBank.d97.s62|16-16|.|group
DDI-DrugBank.d97.s63|117-117|.|group
DDI-DrugBank.d97.s64|73-83|nicardipine|drug
DDI-DrugBank.d97.s65|41-53|concentration|group
DDI-DrugBank.d97.s66|45-46|of|group
DDI-DrugBank.d97.s66|71-71|.|group
DDI-DrugBank.d97.s67|0-13|Clarithromycin|drug
DDI-DrugBank.d97.s68|41-53|concentration|group
DDI-DrugBank.d97.s69|106-106|.|group
DDI-DrugBank.d97.s70|29-40|atorvastatin|drug
DDI-DrugBank.d97.s71|13-25|concentration|group
DDI-DrugBank.d97.s72|231-231|.|group
DDI-DrugBank.d97.s73|46-54|sirolimus|drug
DDI-DrugBank.d97.s74|25-37|concentration|group
DDI-DrugBank.d97.s75|50-50|.|group
DDI-DrugBank.d97.s76|0-11|Itraconazole|drug
DDI-DrugBank.d97.s77|10-22|concentration|group
DDI-DrugBank.d97.s78|110-110|.|group
DDI-DrugBank.d97.s79|0-11|Ketoconazole|drug
DDI-DrugBank.d97.s80|10-22|concentration|group
DDI-DrugBank.d97.s81|71-71|.|group
DDI-DrugBank.d97.s82|0-8|Rifabutin|drug
DDI-DrugBank.d97.s83|36-48|concentration|group
DDI-DrugBank.d97.s84|40-47|standard|drug
DDI-DrugBank.d97.s84|197-197|.|group
DDI-DrugBank.d97.s85|0-9|Sildenafil|drug
DDI-DrugBank.d97.s86|11-23|concentration|group
DDI-DrugBank.d97.s87|125-125|.|group
DDI-DrugBank.d97.s88|0-8|Tadalafil|drug
DDI-DrugBank.d97.s89|10-22|concentration|group
DDI-DrugBank.d97.s90|124-124|.|group
DDI-DrugBank.d97.s91|0-9|Vardenafil|drug
DDI-DrugBank.d97.s92|11-23|concentration|group
DDI-DrugBank.d97.s93|125-125|.|group
DDI-DrugBank.d97.s94|4-4|:|group
DDI-DrugBank.d97.s95|10-10|;|group
DDI-DrugBank.d97.s96|2-9|decrease|group
DDI-DrugBank.d433.s0|66-66|.|group
DDI-DrugBank.d433.s1|30-40|neutropenia|drug
DDI-DrugBank.d433.s1|77-78|of|group
DDI-DrugBank.d433.s1|163-163|.|group
DDI-DrugBank.d433.s2|4-4|,|drug
DDI-DrugBank.d433.s2|95-98|with|group
DDI-DrugBank.d433.s2|220-220|.|group
DDI-DrugBank.d227.s0|11-21|potentiates|group
DDI-DrugBank.d227.s0|120-120|,|drug
DDI-DrugBank.d227.s0|211-211|.|group
DDI-DrugBank.d227.s1|25-25|.|group
DDI-DrugBank.d465.s0|97-97|.|group
DDI-DrugBank.d465.s1|82-82|.|group
DDI-DrugBank.d163.s0|19-20|of|group
DDI-DrugBank.d163.s0|172-178|effects|group
DDI-DrugBank.d163.s1|0-0|.|group
DDI-DrugBank.d163.s2|142-143|of|group
DDI-DrugBank.d163.s2|252-264|tetracyclines|group
DDI-DrugBank.d163.s3|0-0|.|group
DDI-DrugBank.d163.s4|189-189|.|group
DDI-DrugBank.d163.s5|237-237|.|group
DDI-DrugBank.d163.s6|71-72|of|group
DDI-DrugBank.d163.s6|87-87|.|group
DDI-DrugBank.d163.s7|96-96|.|group
DDI-DrugBank.d163.s8|77-82|select|group
DDI-DrugBank.d163.s8|224-225|is|group
DDI-DrugBank.d163.s8|277-288|hysterectomy|group
DDI-DrugBank.d163.s9|0-0|.|group
DDI-DrugBank.d163.s10|120-120|.|group
DDI-DrugBank.d163.s11|132-133|of|group
DDI-DrugBank.d163.s11|172-172|.|group
DDI-DrugBank.d163.s12|40-40|.|group
DDI-DrugBank.d163.s13|134-134|.|group
DDI-DrugBank.d163.s14|62-69|together|drug
DDI-DrugBank.d163.s15|0-0|.|group
DDI-DrugBank.d163.s16|82-82|.|group
DDI-DrugBank.d163.s17|149-149|.|group
DDI-DrugBank.d163.s18|70-70|.|group
DDI-DrugBank.d163.s19|210-210|.|group
DDI-DrugBank.d163.s20|59-59|.|group
DDI-DrugBank.d163.s21|117-117|.|group
DDI-DrugBank.d163.s22|230-230|.|group
DDI-DrugBank.d163.s23|95-96|of|group
DDI-DrugBank.d163.s23|136-141|test ) .|drug
DDI-DrugBank.d163.s24|87-88|of|group
DDI-DrugBank.d163.s24|166-166|.|group
DDI-DrugBank.d163.s25|28-28|,|drug
DDI-DrugBank.d163.s25|167-181|contraception ) .|group
DDI-DrugBank.d163.s26|21-21|,|drug
DDI-DrugBank.d163.s26|99-99|.|group
DDI-DrugBank.d163.s27|88-99|prescription|drug
DDI-DrugBank.d163.s28|0-0|.|group
DDI-DrugBank.d163.s29|91-91|.|group
DDI-DrugBank.d163.s30|98-98|.|group
DDI-DrugBank.d163.s31|131-131|.|group
DDI-DrugBank.d163.s32|68-74|therapy|group
DDI-DrugBank.d163.s33|0-0|.|group
DDI-DrugBank.d163.s34|97-97|,|drug
DDI-DrugBank.d163.s34|272-282|established|group
DDI-DrugBank.d163.s35|0-0|.|group
DDI-DrugBank.d163.s36|103-103|.|group
DDI-DrugBank.d163.s37|13-15|new|drug
DDI-DrugBank.d163.s37|121-131|established|group
DDI-DrugBank.d163.s38|0-0|.|group
DDI-DrugBank.d163.s39|100-111|elevated CPK|drug
DDI-DrugBank.d163.s39|119-119|;|group
DDI-DrugBank.d163.s40|7-7|,|drug
DDI-DrugBank.d163.s40|45-45|.|group
DDI-DrugBank.d163.s41|110-110|.|group
DDI-DrugBank.d163.s42|296-296|,|drug
DDI-DrugBank.d163.s42|339-339|.|group
DDI-DrugBank.d163.s43|38-39|of|group
DDI-DrugBank.d163.s43|136-136|.|group
DDI-DrugBank.d163.s44|0-1|No|drug
DDI-DrugBank.d163.s44|54-54|.|group
DDI-DrugBank.d81.s0|87-87|.|group
DDI-DrugBank.d81.s1|208-208|.|group
DDI-DrugBank.d81.s2|148-148|,|drug
DDI-DrugBank.d81.s2|206-206|.|group
DDI-DrugBank.d81.s3|178-178|.|group
DDI-DrugBank.d81.s4|117-117|.|group
DDI-DrugBank.d81.s5|51-60|isradipine|drug
DDI-DrugBank.d81.s5|77-77|.|group
DDI-DrugBank.d81.s6|224-224|,|drug
DDI-DrugBank.d81.s6|297-297|.|group
DDI-DrugBank.d81.s7|133-134|on|group
DDI-DrugBank.d81.s7|274-275|) .|drug
DDI-DrugBank.d81.s8|175-175|.|group
DDI-DrugBank.d81.s9|207-207|.|group
DDI-DrugBank.d81.s10|207-207|.|group
DDI-DrugBank.d81.s11|312-312|.|group
DDI-DrugBank.d81.s12|104-105|of|group
DDI-DrugBank.d81.s12|121-121|.|group
DDI-DrugBank.d81.s13|139-146|nonrenal|drug_n
DDI-DrugBank.d81.s13|183-183|.|group
DDI-DrugBank.d81.s14|153-153|.|group
DDI-DrugBank.d81.s15|194-194|.|group
DDI-DrugBank.d95.s0|80-80|.|group
DDI-DrugBank.d95.s1|86-86|.|group
DDI-DrugBank.d95.s2|125-125|.|group
DDI-DrugBank.d95.s3|131-132|of|group
DDI-DrugBank.d95.s3|142-142|.|group
DDI-DrugBank.d530.s0|122-122|.|group
DDI-DrugBank.d530.s1|90-90|.|group
DDI-DrugBank.d530.s2|13-27|L-phenylalanine|drug
DDI-DrugBank.d530.s2|138-138|.|group
DDI-DrugBank.d530.s3|141-141|.|group
DDI-DrugBank.d41.s0|235-235|.|group
DDI-DrugBank.d41.s1|118-118|.|group
DDI-DrugBank.d41.s2|69-70|by|drug
DDI-DrugBank.d41.s2|119-119|.|group
DDI-DrugBank.d41.s3|134-134|.|group
DDI-DrugBank.d41.s4|101-101|.|group
DDI-DrugBank.d41.s5|49-49|.|group
DDI-DrugBank.d41.s6|104-104|.|group
DDI-DrugBank.d41.s7|87-92|IIIa ) .|brand
DDI-DrugBank.d41.s8|45-45|.|group
DDI-DrugBank.d41.s9|171-171|.|group
DDI-DrugBank.d41.s10|52-52|;|group
DDI-DrugBank.d41.s11|114-114|.|group
DDI-DrugBank.d41.s12|163-163|.|group
DDI-DrugBank.d41.s13|52-52|.|group
DDI-DrugBank.d41.s14|202-202|.|group
DDI-DrugBank.d41.s15|8-9|of|group
DDI-DrugBank.d41.s15|25-33|for ARAVA|group
DDI-DrugBank.d41.s15|166-166|.|group
DDI-DrugBank.d41.s16|126-126|.|group
DDI-DrugBank.d252.s0|87-90|from|group
DDI-DrugBank.d252.s0|117-123|BETAGAN|brand
DDI-DrugBank.d252.s0|150-150|.|group
DDI-DrugBank.d252.s1|18-19|of|group
DDI-DrugBank.d252.s1|192-194|and|drug
DDI-DrugBank.d252.s1|233-238|marked|drug
DDI-DrugBank.d252.s1|311-311|.|group
DDI-DrugBank.d252.s2|224-224|.|group
DDI-DrugBank.d252.s3|89-89|.|group
DDI-DrugBank.d252.s4|166-166|.|group
DDI-DrugBank.d252.s5|154-154|.|group
DDI-DrugBank.d320.s0|174-175|of|group
DDI-DrugBank.d320.s0|206-206|.|group
DDI-DrugBank.d320.s1|114-128|levobupivacaine|drug
DDI-DrugBank.d320.s1|173-173|.|group
DDI-DrugBank.d320.s2|154-154|.|group
DDI-DrugBank.d320.s3|191-191|,|drug
DDI-DrugBank.d320.s3|249-249|;|group
DDI-DrugBank.d320.s4|43-43|;|group
DDI-DrugBank.d320.s5|40-40|;|group
DDI-DrugBank.d320.s6|118-133|clarithromycin ) .|drug
DDI-DrugBank.d320.s7|195-195|.|group
DDI-DrugBank.d454.s0|87-95|sedatives|group
DDI-DrugBank.d454.s1|0-0|.|group
DDI-DrugBank.d454.s2|63-69|therapy|group
DDI-DrugBank.d454.s3|0-0|.|group
DDI-DrugBank.d454.s4|84-84|.|group
DDI-DrugBank.d30.s0|166-166|.|group
DDI-DrugBank.d30.s1|107-107|.|group
DDI-DrugBank.d30.s2|55-55|.|group
DDI-DrugBank.d30.s3|124-124|,|drug
DDI-DrugBank.d30.s3|205-205|.|group
DDI-DrugBank.d30.s4|117-117|.|group
DDI-DrugBank.d30.s5|113-113|.|group
DDI-DrugBank.d30.s6|131-131|.|group
DDI-DrugBank.d30.s7|106-108|2C9|drug
DDI-DrugBank.d30.s7|126-126|.|group
DDI-DrugBank.d30.s8|3-6|with|drug
DDI-DrugBank.d30.s8|99-109|diuretics (|group
DDI-DrugBank.d30.s8|261-261|.|group
DDI-DrugBank.d30.s9|3-6|with|drug
DDI-DrugBank.d30.s9|37-37|,|drug
DDI-DrugBank.d30.s9|138-149|indomethacin|drug
DDI-DrugBank.d30.s10|0-0|.|group
DDI-DrugBank.d746.s0|152-152|.|group
DDI-DrugBank.d746.s1|109-109|.|group
DDI-DrugBank.d746.s2|76-76|,|drug
DDI-DrugBank.d746.s2|133-133|.|group
DDI-DrugBank.d630.s0|81-82|of|group
DDI-DrugBank.d630.s0|124-124|.|group
DDI-DrugBank.d630.s1|64-76|methazolamide|drug
DDI-DrugBank.d630.s1|236-236|.|group
DDI-DrugBank.d756.s0|172-172|.|group
DDI-DrugBank.d756.s1|69-70|of|group
DDI-DrugBank.d756.s1|80-80|.|group
DDI-DrugBank.d756.s2|124-124|.|group
DDI-DrugBank.d756.s3|85-85|.|group
DDI-DrugBank.d756.s4|54-57|with|drug
DDI-DrugBank.d756.s4|246-246|.|group
DDI-DrugBank.d756.s5|24-38|levomepromazine|drug
DDI-DrugBank.d756.s5|53-54|of|group
DDI-DrugBank.d756.s5|70-70|.|group
DDI-DrugBank.d756.s6|36-36|.|group
DDI-DrugBank.d756.s7|28-29|of|group
DDI-DrugBank.d756.s7|116-116|.|group
DDI-DrugBank.d756.s8|53-53|.|group
DDI-DrugBank.d756.s9|107-107|.|group
DDI-DrugBank.d756.s10|29-29|;|group
DDI-DrugBank.d756.s11|90-90|.|group
DDI-DrugBank.d736.s0|53-54|of|group
DDI-DrugBank.d736.s0|100-100|(|drug_n
DDI-DrugBank.d736.s0|129-142|irritability ) .|drug
DDI-DrugBank.d736.s1|66-66|.|group
DDI-DrugBank.d736.s2|83-83|.|group
DDI-DrugBank.d736.s3|64-64|.|group
DDI-DrugBank.d736.s4|60-61|of|group
DDI-DrugBank.d736.s4|100-100|.|group
DDI-DrugBank.d736.s5|62-62|.|group
DDI-DrugBank.d736.s6|88-88|.|group
DDI-DrugBank.d736.s7|77-77|.|group
DDI-DrugBank.d736.s8|75-75|.|group
DDI-DrugBank.d706.s0|30-30|(|drug_n
DDI-DrugBank.d706.s0|112-112|.|group
DDI-DrugBank.d706.s1|158-163|marked|drug
DDI-DrugBank.d706.s1|203-203|,|drug
DDI-DrugBank.d706.s1|237-237|.|group
DDI-DrugBank.d715.s0|138-139|of|group
DDI-DrugBank.d715.s0|227-227|.|group
DDI-DrugBank.d715.s1|98-98|.|group
DDI-DrugBank.d640.s0|72-73|on|group
DDI-DrugBank.d640.s0|123-123|.|group
DDI-DrugBank.d640.s1|16-17|of|group
DDI-DrugBank.d640.s1|75-87|discontinuing|drug
DDI-DrugBank.d640.s1|208-209|If|drug
DDI-DrugBank.d640.s1|231-231|,|drug
DDI-DrugBank.d640.s1|280-281|..|group
DDI-DrugBank.d640.s2|137-137|.|group
DDI-DrugBank.d640.s3|172-172|.|group
DDI-DrugBank.d640.s4|93-95|and|drug
DDI-DrugBank.d640.s4|146-146|.|group
DDI-DrugBank.d640.s5|134-135|of|group
DDI-DrugBank.d640.s5|185-185|.|group
DDI-DrugBank.d640.s6|156-156|.|group
DDI-DrugBank.d640.s7|49-49|,|drug
DDI-DrugBank.d640.s7|113-113|.|group
DDI-DrugBank.d640.s8|26-26|,|drug
DDI-DrugBank.d640.s8|73-73|.|group
DDI-DrugBank.d640.s9|171-171|.|group
DDI-DrugBank.d640.s10|153-153|,|drug
DDI-DrugBank.d640.s10|186-186|.|group
DDI-DrugBank.d640.s11|66-66|.|group
DDI-DrugBank.d580.s0|19-19|,|drug
DDI-DrugBank.d580.s0|51-52|of|group
DDI-DrugBank.d580.s0|92-96|other|drug
DDI-DrugBank.d580.s0|195-195|.|group
DDI-DrugBank.d580.s1|140-140|.|group
DDI-DrugBank.d739.s0|226-236|substrate ) .|drug
DDI-DrugBank.d739.s1|90-92|2A6|drug
DDI-DrugBank.d739.s1|224-230|Ratio ) .|drug
DDI-DrugBank.d739.s2|91-91|.|group
DDI-DrugBank.d739.s3|146-146|,|drug
DDI-DrugBank.d739.s3|247-247|.|group
DDI-DrugBank.d739.s4|235-235|.|group
DDI-DrugBank.d739.s5|177-177|.|group
DDI-DrugBank.d739.s6|144-144|.|group
DDI-DrugBank.d739.s7|51-51|.|group
DDI-DrugBank.d739.s8|175-175|.|group
DDI-DrugBank.d739.s9|34-37|with|drug
DDI-DrugBank.d739.s9|167-167|.|group
DDI-DrugBank.d739.s10|27-27|,|drug
DDI-DrugBank.d739.s10|140-141|of|group
DDI-DrugBank.d739.s10|291-291|,|drug
DDI-DrugBank.d739.s10|305-305|.|group
DDI-DrugBank.d739.s11|220-220|.|group
DDI-DrugBank.d739.s12|120-120|,|drug
DDI-DrugBank.d739.s12|139-139|.|group
DDI-DrugBank.d739.s13|144-144|.|group
DDI-DrugBank.d739.s14|51-51|.|group
DDI-DrugBank.d739.s15|175-175|.|group
DDI-DrugBank.d346.s0|108-108|.|group
DDI-DrugBank.d346.s1|70-74|REVIA|brand
DDI-DrugBank.d346.s1|80-84|other|drug
DDI-DrugBank.d346.s1|103-103|.|group
DDI-DrugBank.d346.s2|77-77|,|drug
DDI-DrugBank.d346.s2|229-229|.|group
DDI-DrugBank.d346.s3|84-84|.|group
DDI-DrugBank.d346.s4|135-135|,|drug
DDI-DrugBank.d346.s4|158-158|.|group
DDI-DrugBank.d346.s5|97-97|,|drug
DDI-DrugBank.d346.s5|154-154|,|drug
DDI-DrugBank.d346.s5|204-209|deeper|group
DDI-DrugBank.d346.s5|229-229|.|group
DDI-DrugBank.d14.s0|90-90|.|group
DDI-DrugBank.d14.s1|82-82|.|group
DDI-DrugBank.d14.s2|136-136|.|group
DDI-DrugBank.d14.s3|59-59|.|group
DDI-DrugBank.d475.s0|121-121|,|drug
DDI-DrugBank.d475.s0|135-135|.|group
DDI-DrugBank.d475.s1|87-87|;|drug
DDI-DrugBank.d475.s2|99-99|.|group
DDI-DrugBank.d475.s3|170-170|.|group
DDI-DrugBank.d761.s0|84-90|XENICAL|brand
DDI-DrugBank.d761.s0|108-116|alcohol (|drug
DDI-DrugBank.d761.s0|295-295|.|group
DDI-DrugBank.d761.s1|186-186|.|group
DDI-DrugBank.d761.s2|163-163|.|group
DDI-DrugBank.d761.s3|189-189|.|group
DDI-DrugBank.d761.s4|32-32|a|group
DDI-DrugBank.d761.s4|83-83|.|group
DDI-DrugBank.d761.s5|77-77|,|drug
DDI-DrugBank.d761.s5|140-140|.|group
DDI-DrugBank.d761.s6|196-196|.|group
DDI-DrugBank.d761.s7|197-205|tablets ) .|drug
DDI-DrugBank.d761.s8|56-56|,|drug
DDI-DrugBank.d761.s8|201-201|.|group
DDI-DrugBank.d761.s9|174-174|.|group
DDI-DrugBank.d761.s10|200-211|pravastatin .|drug
DDI-DrugBank.d761.s11|174-175|R-|drug
DDI-DrugBank.d761.s11|254-255|) .|drug
DDI-DrugBank.d761.s12|186-186|.|group
DDI-DrugBank.d761.s13|14-22|vitamin K|group
DDI-DrugBank.d761.s13|203-203|.|group
DDI-DrugBank.d744.s0|180-181|of|group
DDI-DrugBank.d744.s0|204-204|.|group
DDI-DrugBank.d744.s1|179-179|.|group
DDI-DrugBank.d744.s2|46-46|.|group
DDI-DrugBank.d671.s0|37-40|with|drug
DDI-DrugBank.d671.s0|84-84|.|group
DDI-DrugBank.d671.s1|47-50|with|drug
DDI-DrugBank.d671.s1|130-130|.|group
DDI-DrugBank.d671.s2|119-119|.|group
DDI-DrugBank.d635.s0|104-112|AUTOHALER|brand
DDI-DrugBank.d635.s0|152-152|.|group
DDI-DrugBank.d622.s0|47-47|,|drug
DDI-DrugBank.d622.s0|97-97|,|drug
DDI-DrugBank.d622.s0|120-121|of|group
DDI-DrugBank.d622.s0|211-211|.|group
DDI-DrugBank.d622.s1|69-71|and|drug
DDI-DrugBank.d622.s1|123-123|.|group
DDI-DrugBank.d622.s2|292-292|;|group
DDI-DrugBank.d622.s3|65-65|,|drug
DDI-DrugBank.d622.s3|164-164|.|group
DDI-DrugBank.d737.s0|122-123|) .|drug
DDI-DrugBank.d737.s1|7-7|.|group
DDI-DrugBank.d737.s2|107-107|.|group
DDI-DrugBank.d737.s3|134-135|) .|drug
DDI-DrugBank.d737.s4|158-160|AUC|drug
DDI-DrugBank.d737.s4|200-201|) .|drug
DDI-DrugBank.d737.s5|179-180|) .|drug
DDI-DrugBank.d737.s6|0-4|Other|group
DDI-DrugBank.d737.s6|154-171|transport system (|drug
DDI-DrugBank.d737.s6|246-246|,|drug
DDI-DrugBank.d737.s6|355-372|transport system (|drug
DDI-DrugBank.d737.s6|441-441|,|drug
DDI-DrugBank.d737.s6|532-532|.|group
DDI-DrugBank.d737.s7|199-199|.|group
DDI-DrugBank.d737.s8|72-72|,|drug
DDI-DrugBank.d737.s8|84-84|.|group
DDI-DrugBank.d737.s9|214-215|) .|drug
DDI-DrugBank.d737.s10|238-238|.|group
DDI-DrugBank.d737.s11|75-81|MIRAPEX|brand
DDI-DrugBank.d737.s11|103-103|.|group
DDI-DrugBank.d632.s0|143-143|(|drug_n
DDI-DrugBank.d632.s0|251-251|(|drug_n
DDI-DrugBank.d632.s0|258-287|alpha glucosidase inhibitors ) .|drug
DDI-DrugBank.d632.s1|67-67|.|group
DDI-DrugBank.d632.s2|95-95|.|group
DDI-DrugBank.d632.s3|127-127|,|drug
DDI-DrugBank.d632.s3|220-220|.|group
DDI-DrugBank.d632.s4|18-18|,|drug
DDI-DrugBank.d632.s4|120-120|.|group
DDI-DrugBank.d632.s5|124-124|.|group
DDI-DrugBank.d632.s6|108-108|,|drug
DDI-DrugBank.d632.s6|189-190|to|drug
DDI-DrugBank.d632.s6|201-201|.|group
DDI-DrugBank.d632.s7|80-80|.|group
DDI-DrugBank.d734.s0|96-96|.|group
DDI-DrugBank.d734.s1|125-125|.|group
DDI-DrugBank.d734.s2|110-110|.|group
DDI-DrugBank.d590.s0|161-161|,|drug
DDI-DrugBank.d590.s0|231-232|) .|drug
DDI-DrugBank.d590.s1|126-126|.|group
DDI-DrugBank.d590.s2|181-181|.|group
DDI-DrugBank.d590.s3|42-42|.|group
DDI-DrugBank.d590.s4|71-72|to|group
DDI-DrugBank.d590.s4|103-103|.|group
DDI-DrugBank.d654.s0|217-217|.|group
DDI-DrugBank.d654.s1|203-203|.|group
DDI-DrugBank.d654.s2|42-44|and|drug
DDI-DrugBank.d654.s2|196-196|.|group
DDI-DrugBank.d654.s3|40-46|ALTABAX|brand
DDI-DrugBank.d654.s3|120-120|.|group
DDI-DrugBank.d124.s0|5-16|INTERACTIONS|brand
DDI-DrugBank.d124.s1|63-70|INVIRASE|brand
DDI-DrugBank.d124.s1|85-85|.|group
DDI-DrugBank.d124.s2|92-92|.|group
DDI-DrugBank.d124.s3|166-166|.|group
DDI-DrugBank.d124.s4|116-117|of|group
DDI-DrugBank.d124.s4|141-141|.|group
DDI-DrugBank.d124.s5|63-64|) .|drug
DDI-DrugBank.d124.s6|93-93|.|group
DDI-DrugBank.d124.s7|64-68|other|group
DDI-DrugBank.d124.s7|113-113|.|group
DDI-DrugBank.d124.s8|158-158|.|group
DDI-DrugBank.d124.s9|109-109|.|group
DDI-DrugBank.d124.s10|190-190|.|group
DDI-DrugBank.d124.s11|16-16|,|drug
DDI-DrugBank.d124.s11|86-86|.|group
DDI-DrugBank.d124.s12|45-62|INVIRASE/Ritonavir|brand
DDI-DrugBank.d124.s13|31-37|Comment|group
DDI-DrugBank.d124.s14|152-152|.|group
DDI-DrugBank.d124.s15|130-130|.|group
DDI-DrugBank.d124.s16|235-236|of|group
DDI-DrugBank.d124.s16|271-271|.|group
DDI-DrugBank.d124.s17|186-186|.|group
DDI-DrugBank.d124.s18|179-179|.|group
DDI-DrugBank.d124.s19|111-111|.|group
DDI-DrugBank.d124.s20|136-136|.|group
DDI-DrugBank.d124.s21|194-194|.|group
DDI-DrugBank.d124.s22|119-127|including|drug
DDI-DrugBank.d124.s22|143-143|.|group
DDI-DrugBank.d124.s23|186-186|.|group
DDI-DrugBank.d124.s24|30-30|.|group
DDI-DrugBank.d124.s25|37-42|CYP3A4|drug
DDI-DrugBank.d124.s26|315-315|,|drug
DDI-DrugBank.d124.s26|407-407|;|group
DDI-DrugBank.d124.s27|57-57|.|group
DDI-DrugBank.d124.s28|47-47|,|drug
DDI-DrugBank.d124.s28|142-142|.|group
DDI-DrugBank.d124.s29|9-10|of|group
DDI-DrugBank.d124.s30|179-179|.|group
DDI-DrugBank.d694.s0|192-192|.|group
DDI-DrugBank.d694.s1|60-60|.|group
DDI-DrugBank.d694.s2|3-8|dosage|drug
DDI-DrugBank.d694.s2|57-57|.|group
DDI-DrugBank.d65.s0|68-68|.|group
DDI-DrugBank.d179.s0|0-10|Interations|group
DDI-DrugBank.d179.s1|36-37|of|group
DDI-DrugBank.d179.s1|56-70|Acetaminophen (|drug
DDI-DrugBank.d179.s1|113-119|use ) or|drug
DDI-DrugBank.d179.s2|2-13|Amiodarone (|drug
DDI-DrugBank.d179.s2|20-32|Cordarone ) or|brand
DDI-DrugBank.d179.s3|134-138|] ) or|brand
DDI-DrugBank.d179.s4|18-29|hormones ) or|drug
DDI-DrugBank.d179.s5|46-56|thyroid ) or|drug
DDI-DrugBank.d179.s6|2-16|Carbamazepine (|drug
DDI-DrugBank.d179.s6|23-34|Tegretol ) or|brand
DDI-DrugBank.d179.s7|13-13|(|drug_n
DDI-DrugBank.d179.s7|20-28|BiCNU ) or|brand
DDI-DrugBank.d179.s8|14-14|(|drug_n
DDI-DrugBank.d179.s8|21-30|Aralen ) or|brand
DDI-DrugBank.d179.s9|13-13|(|drug_n
DDI-DrugBank.d179.s9|20-31|Dantrium ) or|brand
DDI-DrugBank.d179.s10|15-15|(|drug_n
DDI-DrugBank.d179.s10|22-35|Cerubidine ) or|brand
DDI-DrugBank.d179.s11|13-13|(|drug_n
DDI-DrugBank.d179.s11|20-31|Antabuse ) or|drug
DDI-DrugBank.d179.s12|13-13|(|drug_n
DDI-DrugBank.d179.s12|20-31|Depakote ) or|brand
DDI-DrugBank.d179.s13|20-31|hormones ) or|drug
DDI-DrugBank.d179.s14|13-13|(|drug_n
DDI-DrugBank.d179.s14|20-30|Tegison ) or|brand
DDI-DrugBank.d179.s15|27-39|arthritis ) or|drug
DDI-DrugBank.d179.s16|21-21|(|drug_n
DDI-DrugBank.d179.s16|28-40|Plaquenil ) or|brand
DDI-DrugBank.d179.s17|17-17|(|drug_n
DDI-DrugBank.d179.s17|24-37|Purinethol ) or|brand
DDI-DrugBank.d179.s18|13-13|(|drug_n
DDI-DrugBank.d179.s18|55-61|use ) or|drug
DDI-DrugBank.d179.s19|64-65|or|drug
DDI-DrugBank.d179.s20|63-75|infection ) or|drug
DDI-DrugBank.d179.s21|397-401|] ) or|brand
DDI-DrugBank.d179.s22|13-13|(|drug_n
DDI-DrugBank.d179.s22|20-32|Mithracin ) or|brand
DDI-DrugBank.d179.s23|16-16|(|drug_n
DDI-DrugBank.d179.s23|129-133|liver|drug
DDI-DrugBank.d179.s24|23-23|(|drug_n
DDI-DrugBank.d179.s24|30-42|Lithostat ) or|brand
DDI-DrugBank.d179.s25|10-11|or|group
DDI-DrugBank.d179.s26|15-15|(|drug_n
DDI-DrugBank.d179.s26|22-33|Furoxone ) or|brand
DDI-DrugBank.d179.s27|2-17|Nitrofurantoin (|drug
DDI-DrugBank.d179.s27|24-37|Furadantin ) or|brand
DDI-DrugBank.d179.s28|13-14|or|group
DDI-DrugBank.d179.s29|15-15|(|drug_n
DDI-DrugBank.d179.s29|22-34|Pronestyl ) or|brand
DDI-DrugBank.d179.s30|2-12|Quinidine (|drug
DDI-DrugBank.d179.s30|19-30|Quinidex ) or|brand
DDI-DrugBank.d179.s31|10-10|(|drug_n
DDI-DrugBank.d179.s31|17-27|Quinamm ) or|brand
DDI-DrugBank.d179.s32|2-12|Sulfoxone (|drug
DDI-DrugBank.d179.s32|19-29|Diasone ) or|brand
DDI-DrugBank.d179.s33|12-12|(|drug_n
DDI-DrugBank.d179.s33|141-145|blood|drug
DDI-DrugBank.d179.s34|18-35|blood thinners ) or|drug
DDI-DrugBank.d179.s35|11-11|(|drug_n
DDI-DrugBank.d179.s35|18-29|Peganone ) or|brand
DDI-DrugBank.d179.s36|2-14|Mephenytoin (|drug
DDI-DrugBank.d179.s36|123-131|medicines|group
DDI-DrugBank.d179.s37|197-209|antidiabetics|group
DDI-DrugBank.d179.s38|2-15|Methotrexate (|drug
DDI-DrugBank.d179.s38|156-167|methotrexate|drug
DDI-DrugBank.d179.s39|2-13|Methyldopa (|drug
DDI-DrugBank.d179.s39|137-141|blood|drug
DDI-DrugBank.d179.s40|2-12|Phenytoin (|drug
DDI-DrugBank.d179.s40|152-160|phenytoin|drug
DDI-DrugBank.d639.s0|51-52|of|group
DDI-DrugBank.d639.s0|72-72|(|drug_n
DDI-DrugBank.d639.s0|260-260|.|group
DDI-DrugBank.d639.s1|60-60|.|group
DDI-DrugBank.d639.s2|42-43|of|group
DDI-DrugBank.d639.s2|63-63|(|drug_n
DDI-DrugBank.d639.s2|130-130|,|brand
DDI-DrugBank.d639.s2|212-212|.|group
DDI-DrugBank.d639.s3|2-2|.|group
DDI-DrugBank.d639.s4|66-66|.|group
DDI-DrugBank.d639.s5|44-44|.|group
DDI-DrugBank.d639.s6|24-24|.|group
DDI-DrugBank.d639.s7|99-99|.|group
DDI-DrugBank.d723.s0|163-163|.|group
DDI-DrugBank.d704.s0|168-168|.|group
DDI-DrugBank.d704.s1|92-95|with|group
DDI-DrugBank.d704.s1|135-135|.|group
DDI-DrugBank.d704.s2|87-87|.|group
DDI-DrugBank.d704.s3|82-82|)|drug
DDI-DrugBank.d704.s3|97-106|increase ) .|drug
DDI-DrugBank.d704.s4|125-126|mg|drug
DDI-DrugBank.d704.s5|91-93|HCI|drug
DDI-DrugBank.d704.s5|124-124|.|group
DDI-DrugBank.d704.s6|102-102|.|group
DDI-DrugBank.d658.s0|5-16|administered|group
DDI-DrugBank.d658.s0|92-92|;|group
DDI-DrugBank.d658.s1|51-51|.|group
DDI-DrugBank.d658.s2|197-197|,|drug
DDI-DrugBank.d658.s2|270-270|.|group
DDI-DrugBank.d766.s0|218-218|.|group
DDI-DrugBank.d766.s1|180-180|,|drug
DDI-DrugBank.d766.s1|197-197|.|group
DDI-DrugBank.d766.s2|101-112|trimetrexate|drug
DDI-DrugBank.d766.s2|160-167|relative|drug
DDI-DrugBank.d766.s2|256-256|.|group
DDI-DrugBank.d766.s3|182-182|.|group
DDI-DrugBank.d766.s4|24-28|these|group
DDI-DrugBank.d766.s4|82-82|.|group
DDI-DrugBank.d328.s0|70-79|valdecoxib|drug
DDI-DrugBank.d328.s0|130-130|.|group
DDI-DrugBank.d328.s1|144-144|.|group
DDI-DrugBank.d328.s2|76-78|3A4|drug
DDI-DrugBank.d328.s2|150-150|.|group
DDI-DrugBank.d328.s3|138-138|,|drug
DDI-DrugBank.d328.s3|236-237|..|drug
DDI-DrugBank.d328.s4|158-158|.|group
DDI-DrugBank.d328.s5|117-117|.|group
DDI-DrugBank.d328.s6|171-186|aspirin-mediated|drug
DDI-DrugBank.d328.s6|202-214|arachidonate-|drug
DDI-DrugBank.d328.s6|259-259|.|group
DDI-DrugBank.d328.s7|126-126|.|group
DDI-DrugBank.d328.s8|101-101|.|group
DDI-DrugBank.d328.s9|106-106|.|group
DDI-DrugBank.d328.s10|171-171|.|group
DDI-DrugBank.d328.s11|80-80|.|group
DDI-DrugBank.d328.s12|212-220|inducer ) .|drug
DDI-DrugBank.d328.s13|129-129|.|group
DDI-DrugBank.d328.s14|103-105|2C9|drug
DDI-DrugBank.d328.s14|120-130|substrate ) .|drug
DDI-DrugBank.d328.s15|25-28|with|drug
DDI-DrugBank.d328.s15|75-75|.|group
DDI-DrugBank.d328.s16|137-137|.|group
DDI-DrugBank.d328.s17|67-69|2D6|drug
DDI-DrugBank.d328.s17|100-100|.|group
DDI-DrugBank.d328.s18|195-195|.|group
DDI-DrugBank.d328.s19|209-209|.|group
DDI-DrugBank.d328.s20|189-189|.|group
DDI-DrugBank.d328.s21|134-134|.|group
DDI-DrugBank.d328.s22|86-86|.|group
DDI-DrugBank.d328.s23|172-172|.|group
DDI-DrugBank.d328.s24|107-107|%|drug
DDI-DrugBank.d328.s24|131-131|,|drug
DDI-DrugBank.d328.s24|215-215|.|group
DDI-DrugBank.d328.s25|86-86|,|drug
DDI-DrugBank.d328.s25|153-153|.|group
DDI-DrugBank.d328.s26|169-169|.|group
DDI-DrugBank.d328.s27|81-83|3A4|drug
DDI-DrugBank.d328.s27|117-117|.|group
DDI-DrugBank.d328.s28|168-168|.|group
DDI-DrugBank.d328.s29|136-136|.|group
DDI-DrugBank.d328.s30|43-43|.|group
DDI-DrugBank.d328.s31|151-151|.|group
DDI-DrugBank.d328.s32|179-183|blood|drug
DDI-DrugBank.d328.s32|225-225|.|group
DDI-DrugBank.d328.s33|239-239|.|group
DDI-DrugBank.d328.s34|36-36|.|group
DDI-DrugBank.d328.s35|213-214|QD|drug
DDI-DrugBank.d328.s35|297-297|.|group
DDI-DrugBank.d328.s36|70-70|(|drug_n
DDI-DrugBank.d328.s36|109-109|.|group
DDI-DrugBank.d328.s37|82-82|.|group
DDI-DrugBank.d328.s38|133-134|) .|drug
DDI-DrugBank.d328.s39|78-78|.|group
DDI-DrugBank.d328.s40|127-127|.|group
DDI-DrugBank.d328.s41|177-177|.|group
DDI-DrugBank.d328.s42|94-94|.|group
DDI-DrugBank.d328.s43|74-75|of|group
DDI-DrugBank.d328.s43|183-189|1/35 ) .|brand
DDI-DrugBank.d328.s44|120-120|%|drug
DDI-DrugBank.d328.s44|143-143|.|group
DDI-DrugBank.d328.s45|39-40|of|group
DDI-DrugBank.d328.s45|64-64|,|drug
DDI-DrugBank.d328.s45|152-152|.|group
DDI-DrugBank.d328.s46|105-113|selecting|drug
DDI-DrugBank.d328.s46|164-164|.|group
DDI-DrugBank.d328.s47|37-39|3A4|drug
DDI-DrugBank.d328.s47|63-63|.|group
DDI-DrugBank.d328.s48|265-265|.|group
DDI-DrugBank.d328.s49|268-268|.|group
DDI-DrugBank.d328.s50|124-132|machinery|group
DDI-DrugBank.d328.s50|160-160|.|group
DDI-DrugBank.d759.s0|117-117|.|group
