DDI-MedLine.d86.s8|DDI-MedLine.d86.s8.e0|DDI-MedLine.d86.s8.e2|mechanism
DDI-MedLine.d86.s8|DDI-MedLine.d86.s8.e1|DDI-MedLine.d86.s8.e2|mechanism
DDI-MedLine.d169.s0|DDI-MedLine.d169.s0.e0|DDI-MedLine.d169.s0.e1|mechanism
DDI-MedLine.d169.s0|DDI-MedLine.d169.s0.e0|DDI-MedLine.d169.s0.e2|mechanism
DDI-MedLine.d169.s9|DDI-MedLine.d169.s9.e0|DDI-MedLine.d169.s9.e1|effect
DDI-MedLine.d164.s0|DDI-MedLine.d164.s0.e0|DDI-MedLine.d164.s0.e1|effect
DDI-MedLine.d164.s2|DDI-MedLine.d164.s2.e0|DDI-MedLine.d164.s2.e1|int
DDI-MedLine.d164.s2|DDI-MedLine.d164.s2.e0|DDI-MedLine.d164.s2.e2|int
DDI-DrugBank.d8.s3|DDI-DrugBank.d8.s3.e0|DDI-DrugBank.d8.s3.e2|mechanism
DDI-DrugBank.d8.s3|DDI-DrugBank.d8.s3.e0|DDI-DrugBank.d8.s3.e3|mechanism
DDI-DrugBank.d8.s3|DDI-DrugBank.d8.s3.e0|DDI-DrugBank.d8.s3.e4|mechanism
DDI-DrugBank.d8.s3|DDI-DrugBank.d8.s3.e1|DDI-DrugBank.d8.s3.e2|mechanism
DDI-DrugBank.d8.s3|DDI-DrugBank.d8.s3.e1|DDI-DrugBank.d8.s3.e3|mechanism
DDI-DrugBank.d8.s3|DDI-DrugBank.d8.s3.e1|DDI-DrugBank.d8.s3.e4|mechanism
DDI-DrugBank.d8.s3|DDI-DrugBank.d8.s3.e2|DDI-DrugBank.d8.s3.e4|mechanism
DDI-DrugBank.d8.s3|DDI-DrugBank.d8.s3.e3|DDI-DrugBank.d8.s3.e4|mechanism
DDI-DrugBank.d8.s4|DDI-DrugBank.d8.s4.e0|DDI-DrugBank.d8.s4.e1|effect
DDI-DrugBank.d22.s0|DDI-DrugBank.d22.s0.e0|DDI-DrugBank.d22.s0.e1|mechanism
DDI-DrugBank.d22.s0|DDI-DrugBank.d22.s0.e0|DDI-DrugBank.d22.s0.e2|mechanism
DDI-DrugBank.d22.s0|DDI-DrugBank.d22.s0.e0|DDI-DrugBank.d22.s0.e3|mechanism
DDI-DrugBank.d22.s2|DDI-DrugBank.d22.s2.e0|DDI-DrugBank.d22.s2.e1|mechanism
DDI-DrugBank.d357.s3|DDI-DrugBank.d357.s3.e3|DDI-DrugBank.d357.s3.e9|effect
DDI-DrugBank.d357.s3|DDI-DrugBank.d357.s3.e4|DDI-DrugBank.d357.s3.e9|effect
DDI-DrugBank.d357.s3|DDI-DrugBank.d357.s3.e5|DDI-DrugBank.d357.s3.e9|effect
DDI-DrugBank.d357.s3|DDI-DrugBank.d357.s3.e6|DDI-DrugBank.d357.s3.e9|effect
DDI-DrugBank.d357.s3|DDI-DrugBank.d357.s3.e7|DDI-DrugBank.d357.s3.e9|effect
DDI-DrugBank.d357.s3|DDI-DrugBank.d357.s3.e8|DDI-DrugBank.d357.s3.e9|effect
DDI-DrugBank.d509.s8|DDI-DrugBank.d509.s8.e0|DDI-DrugBank.d509.s8.e4|mechanism
DDI-DrugBank.d509.s8|DDI-DrugBank.d509.s8.e1|DDI-DrugBank.d509.s8.e4|mechanism
DDI-DrugBank.d509.s8|DDI-DrugBank.d509.s8.e2|DDI-DrugBank.d509.s8.e4|mechanism
DDI-DrugBank.d509.s8|DDI-DrugBank.d509.s8.e3|DDI-DrugBank.d509.s8.e4|mechanism
DDI-DrugBank.d73.s3|DDI-DrugBank.d73.s3.e0|DDI-DrugBank.d73.s3.e1|effect
DDI-DrugBank.d73.s6|DDI-DrugBank.d73.s6.e0|DDI-DrugBank.d73.s6.e1|mechanism
DDI-DrugBank.d153.s4|DDI-DrugBank.d153.s4.e0|DDI-DrugBank.d153.s4.e2|effect
DDI-DrugBank.d153.s4|DDI-DrugBank.d153.s4.e1|DDI-DrugBank.d153.s4.e2|effect
DDI-DrugBank.d213.s0|DDI-DrugBank.d213.s0.e0|DDI-DrugBank.d213.s0.e2|mechanism
DDI-DrugBank.d213.s0|DDI-DrugBank.d213.s0.e1|DDI-DrugBank.d213.s0.e2|mechanism
DDI-DrugBank.d213.s3|DDI-DrugBank.d213.s3.e0|DDI-DrugBank.d213.s3.e1|mechanism
DDI-DrugBank.d269.s14|DDI-DrugBank.d269.s14.e0|DDI-DrugBank.d269.s14.e1|effect
DDI-DrugBank.d269.s18|DDI-DrugBank.d269.s18.e2|DDI-DrugBank.d269.s18.e3|effect
DDI-DrugBank.d269.s18|DDI-DrugBank.d269.s18.e2|DDI-DrugBank.d269.s18.e4|effect
DDI-DrugBank.d172.s7|DDI-DrugBank.d172.s7.e0|DDI-DrugBank.d172.s7.e2|int
DDI-DrugBank.d172.s7|DDI-DrugBank.d172.s7.e0|DDI-DrugBank.d172.s7.e3|int
DDI-DrugBank.d172.s7|DDI-DrugBank.d172.s7.e1|DDI-DrugBank.d172.s7.e2|int
DDI-DrugBank.d172.s7|DDI-DrugBank.d172.s7.e1|DDI-DrugBank.d172.s7.e3|int
DDI-DrugBank.d172.s11|DDI-DrugBank.d172.s11.e1|DDI-DrugBank.d172.s11.e2|effect
DDI-DrugBank.d172.s11|DDI-DrugBank.d172.s11.e1|DDI-DrugBank.d172.s11.e3|effect
DDI-DrugBank.d429.s0|DDI-DrugBank.d429.s0.e2|DDI-DrugBank.d429.s0.e4|effect
DDI-DrugBank.d429.s0|DDI-DrugBank.d429.s0.e3|DDI-DrugBank.d429.s0.e4|effect
DDI-DrugBank.d429.s2|DDI-DrugBank.d429.s2.e1|DDI-DrugBank.d429.s2.e2|mechanism
DDI-DrugBank.d429.s4|DDI-DrugBank.d429.s4.e1|DDI-DrugBank.d429.s4.e2|effect
DDI-DrugBank.d446.s0|DDI-DrugBank.d446.s0.e0|DDI-DrugBank.d446.s0.e1|int
DDI-DrugBank.d446.s0|DDI-DrugBank.d446.s0.e0|DDI-DrugBank.d446.s0.e2|int
DDI-DrugBank.d446.s0|DDI-DrugBank.d446.s0.e0|DDI-DrugBank.d446.s0.e3|int
DDI-DrugBank.d446.s0|DDI-DrugBank.d446.s0.e0|DDI-DrugBank.d446.s0.e4|int
DDI-DrugBank.d446.s0|DDI-DrugBank.d446.s0.e0|DDI-DrugBank.d446.s0.e5|int
DDI-DrugBank.d446.s0|DDI-DrugBank.d446.s0.e0|DDI-DrugBank.d446.s0.e6|int
DDI-DrugBank.d446.s0|DDI-DrugBank.d446.s0.e0|DDI-DrugBank.d446.s0.e7|int
DDI-DrugBank.d446.s0|DDI-DrugBank.d446.s0.e0|DDI-DrugBank.d446.s0.e8|int
DDI-DrugBank.d446.s0|DDI-DrugBank.d446.s0.e0|DDI-DrugBank.d446.s0.e9|int
DDI-DrugBank.d446.s0|DDI-DrugBank.d446.s0.e0|DDI-DrugBank.d446.s0.e10|int
DDI-DrugBank.d446.s0|DDI-DrugBank.d446.s0.e0|DDI-DrugBank.d446.s0.e11|int
DDI-DrugBank.d446.s0|DDI-DrugBank.d446.s0.e0|DDI-DrugBank.d446.s0.e12|int
DDI-DrugBank.d446.s0|DDI-DrugBank.d446.s0.e0|DDI-DrugBank.d446.s0.e13|int
DDI-DrugBank.d237.s2|DDI-DrugBank.d237.s2.e1|DDI-DrugBank.d237.s2.e4|mechanism
DDI-DrugBank.d237.s2|DDI-DrugBank.d237.s2.e1|DDI-DrugBank.d237.s2.e5|mechanism
DDI-DrugBank.d237.s2|DDI-DrugBank.d237.s2.e2|DDI-DrugBank.d237.s2.e4|mechanism
DDI-DrugBank.d237.s2|DDI-DrugBank.d237.s2.e2|DDI-DrugBank.d237.s2.e5|mechanism
DDI-DrugBank.d237.s2|DDI-DrugBank.d237.s2.e3|DDI-DrugBank.d237.s2.e4|mechanism
DDI-DrugBank.d237.s2|DDI-DrugBank.d237.s2.e3|DDI-DrugBank.d237.s2.e5|mechanism
DDI-DrugBank.d237.s6|DDI-DrugBank.d237.s6.e1|DDI-DrugBank.d237.s6.e2|mechanism
DDI-DrugBank.d237.s6|DDI-DrugBank.d237.s6.e1|DDI-DrugBank.d237.s6.e3|mechanism
DDI-DrugBank.d237.s7|DDI-DrugBank.d237.s7.e1|DDI-DrugBank.d237.s7.e4|mechanism
DDI-DrugBank.d237.s7|DDI-DrugBank.d237.s7.e1|DDI-DrugBank.d237.s7.e5|mechanism
DDI-DrugBank.d237.s7|DDI-DrugBank.d237.s7.e2|DDI-DrugBank.d237.s7.e4|mechanism
DDI-DrugBank.d237.s7|DDI-DrugBank.d237.s7.e2|DDI-DrugBank.d237.s7.e5|mechanism
DDI-DrugBank.d237.s7|DDI-DrugBank.d237.s7.e3|DDI-DrugBank.d237.s7.e4|mechanism
DDI-DrugBank.d237.s7|DDI-DrugBank.d237.s7.e3|DDI-DrugBank.d237.s7.e5|mechanism
DDI-DrugBank.d237.s8|DDI-DrugBank.d237.s8.e0|DDI-DrugBank.d237.s8.e1|mechanism
DDI-DrugBank.d237.s12|DDI-DrugBank.d237.s12.e1|DDI-DrugBank.d237.s12.e3|mechanism
DDI-DrugBank.d237.s12|DDI-DrugBank.d237.s12.e1|DDI-DrugBank.d237.s12.e4|mechanism
DDI-DrugBank.d237.s12|DDI-DrugBank.d237.s12.e2|DDI-DrugBank.d237.s12.e3|mechanism
DDI-DrugBank.d237.s12|DDI-DrugBank.d237.s12.e2|DDI-DrugBank.d237.s12.e4|mechanism
DDI-DrugBank.d250.s3|DDI-DrugBank.d250.s3.e0|DDI-DrugBank.d250.s3.e1|effect
DDI-DrugBank.d439.s0|DDI-DrugBank.d439.s0.e0|DDI-DrugBank.d439.s0.e1|effect
DDI-DrugBank.d19.s9|DDI-DrugBank.d19.s9.e0|DDI-DrugBank.d19.s9.e3|mechanism
DDI-DrugBank.d19.s9|DDI-DrugBank.d19.s9.e1|DDI-DrugBank.d19.s9.e3|mechanism
DDI-DrugBank.d19.s9|DDI-DrugBank.d19.s9.e2|DDI-DrugBank.d19.s9.e3|mechanism
DDI-DrugBank.d107.s3|DDI-DrugBank.d107.s3.e0|DDI-DrugBank.d107.s3.e2|effect
DDI-DrugBank.d107.s3|DDI-DrugBank.d107.s3.e0|DDI-DrugBank.d107.s3.e3|effect
DDI-DrugBank.d107.s3|DDI-DrugBank.d107.s3.e1|DDI-DrugBank.d107.s3.e2|effect
DDI-DrugBank.d107.s3|DDI-DrugBank.d107.s3.e1|DDI-DrugBank.d107.s3.e3|effect
DDI-DrugBank.d107.s8|DDI-DrugBank.d107.s8.e0|DDI-DrugBank.d107.s8.e1|effect
DDI-DrugBank.d395.s16|DDI-DrugBank.d395.s16.e0|DDI-DrugBank.d395.s16.e2|mechanism
DDI-DrugBank.d395.s16|DDI-DrugBank.d395.s16.e1|DDI-DrugBank.d395.s16.e2|mechanism
DDI-DrugBank.d395.s17|DDI-DrugBank.d395.s17.e0|DDI-DrugBank.d395.s17.e3|effect
DDI-DrugBank.d395.s17|DDI-DrugBank.d395.s17.e1|DDI-DrugBank.d395.s17.e3|effect
DDI-DrugBank.d395.s17|DDI-DrugBank.d395.s17.e2|DDI-DrugBank.d395.s17.e3|effect
DDI-DrugBank.d395.s23|DDI-DrugBank.d395.s23.e1|DDI-DrugBank.d395.s23.e3|mechanism
DDI-DrugBank.d395.s23|DDI-DrugBank.d395.s23.e1|DDI-DrugBank.d395.s23.e4|mechanism
DDI-DrugBank.d395.s23|DDI-DrugBank.d395.s23.e2|DDI-DrugBank.d395.s23.e3|mechanism
DDI-DrugBank.d395.s23|DDI-DrugBank.d395.s23.e2|DDI-DrugBank.d395.s23.e4|mechanism
DDI-DrugBank.d219.s0|DDI-DrugBank.d219.s0.e1|DDI-DrugBank.d219.s0.e2|effect
DDI-DrugBank.d219.s11|DDI-DrugBank.d219.s11.e0|DDI-DrugBank.d219.s11.e1|effect
DDI-DrugBank.d219.s11|DDI-DrugBank.d219.s11.e0|DDI-DrugBank.d219.s11.e2|effect
DDI-DrugBank.d776.s4|DDI-DrugBank.d776.s4.e0|DDI-DrugBank.d776.s4.e1|effect
DDI-DrugBank.d776.s4|DDI-DrugBank.d776.s4.e0|DDI-DrugBank.d776.s4.e2|effect
DDI-DrugBank.d776.s4|DDI-DrugBank.d776.s4.e0|DDI-DrugBank.d776.s4.e3|effect
DDI-DrugBank.d776.s16|DDI-DrugBank.d776.s16.e1|DDI-DrugBank.d776.s16.e2|effect
DDI-DrugBank.d776.s41|DDI-DrugBank.d776.s41.e0|DDI-DrugBank.d776.s41.e1|mechanism
DDI-DrugBank.d776.s41|DDI-DrugBank.d776.s41.e0|DDI-DrugBank.d776.s41.e2|mechanism
DDI-DrugBank.d78.s1|DDI-DrugBank.d78.s1.e0|DDI-DrugBank.d78.s1.e12|mechanism
DDI-DrugBank.d78.s1|DDI-DrugBank.d78.s1.e1|DDI-DrugBank.d78.s1.e12|mechanism
DDI-DrugBank.d78.s1|DDI-DrugBank.d78.s1.e2|DDI-DrugBank.d78.s1.e12|mechanism
DDI-DrugBank.d78.s1|DDI-DrugBank.d78.s1.e3|DDI-DrugBank.d78.s1.e12|mechanism
DDI-DrugBank.d78.s1|DDI-DrugBank.d78.s1.e4|DDI-DrugBank.d78.s1.e12|mechanism
DDI-DrugBank.d78.s1|DDI-DrugBank.d78.s1.e5|DDI-DrugBank.d78.s1.e12|mechanism
DDI-DrugBank.d78.s1|DDI-DrugBank.d78.s1.e6|DDI-DrugBank.d78.s1.e12|mechanism
DDI-DrugBank.d78.s1|DDI-DrugBank.d78.s1.e7|DDI-DrugBank.d78.s1.e12|mechanism
DDI-DrugBank.d78.s1|DDI-DrugBank.d78.s1.e8|DDI-DrugBank.d78.s1.e12|mechanism
DDI-DrugBank.d78.s1|DDI-DrugBank.d78.s1.e9|DDI-DrugBank.d78.s1.e12|mechanism
DDI-DrugBank.d78.s1|DDI-DrugBank.d78.s1.e10|DDI-DrugBank.d78.s1.e12|mechanism
DDI-DrugBank.d78.s1|DDI-DrugBank.d78.s1.e11|DDI-DrugBank.d78.s1.e12|mechanism
DDI-DrugBank.d78.s3|DDI-DrugBank.d78.s3.e0|DDI-DrugBank.d78.s3.e4|mechanism
DDI-DrugBank.d78.s3|DDI-DrugBank.d78.s3.e0|DDI-DrugBank.d78.s3.e5|mechanism
DDI-DrugBank.d78.s3|DDI-DrugBank.d78.s3.e1|DDI-DrugBank.d78.s3.e4|mechanism
DDI-DrugBank.d78.s3|DDI-DrugBank.d78.s3.e1|DDI-DrugBank.d78.s3.e5|mechanism
DDI-DrugBank.d78.s3|DDI-DrugBank.d78.s3.e2|DDI-DrugBank.d78.s3.e4|mechanism
DDI-DrugBank.d78.s3|DDI-DrugBank.d78.s3.e2|DDI-DrugBank.d78.s3.e5|mechanism
DDI-DrugBank.d78.s3|DDI-DrugBank.d78.s3.e3|DDI-DrugBank.d78.s3.e4|mechanism
DDI-DrugBank.d78.s3|DDI-DrugBank.d78.s3.e3|DDI-DrugBank.d78.s3.e5|mechanism
DDI-DrugBank.d78.s11|DDI-DrugBank.d78.s11.e2|DDI-DrugBank.d78.s11.e3|mechanism
DDI-DrugBank.d17.s12|DDI-DrugBank.d17.s12.e0|DDI-DrugBank.d17.s12.e1|effect
DDI-DrugBank.d17.s25|DDI-DrugBank.d17.s25.e0|DDI-DrugBank.d17.s25.e3|effect
DDI-DrugBank.d97.s87|DDI-DrugBank.d97.s87.e0|DDI-DrugBank.d97.s87.e1|advise
DDI-DrugBank.d97.s90|DDI-DrugBank.d97.s90.e0|DDI-DrugBank.d97.s90.e1|advise
DDI-DrugBank.d97.s93|DDI-DrugBank.d97.s93.e0|DDI-DrugBank.d97.s93.e1|advise
DDI-DrugBank.d227.s0|DDI-DrugBank.d227.s0.e0|DDI-DrugBank.d227.s0.e1|effect
DDI-DrugBank.d95.s0|DDI-DrugBank.d95.s0.e0|DDI-DrugBank.d95.s0.e2|effect
DDI-DrugBank.d95.s0|DDI-DrugBank.d95.s0.e1|DDI-DrugBank.d95.s0.e2|effect
DDI-DrugBank.d95.s2|DDI-DrugBank.d95.s2.e0|DDI-DrugBank.d95.s2.e2|effect
DDI-DrugBank.d95.s2|DDI-DrugBank.d95.s2.e1|DDI-DrugBank.d95.s2.e2|effect
DDI-DrugBank.d530.s3|DDI-DrugBank.d530.s3.e1|DDI-DrugBank.d530.s3.e2|effect
DDI-DrugBank.d320.s2|DDI-DrugBank.d320.s2.e0|DDI-DrugBank.d320.s2.e1|int
DDI-DrugBank.d454.s4|DDI-DrugBank.d454.s4.e0|DDI-DrugBank.d454.s4.e1|effect
DDI-DrugBank.d30.s1|DDI-DrugBank.d30.s1.e0|DDI-DrugBank.d30.s1.e1|mechanism
DDI-DrugBank.d746.s1|DDI-DrugBank.d746.s1.e0|DDI-DrugBank.d746.s1.e2|effect
DDI-DrugBank.d746.s1|DDI-DrugBank.d746.s1.e1|DDI-DrugBank.d746.s1.e2|effect
DDI-DrugBank.d756.s7|DDI-DrugBank.d756.s7.e0|DDI-DrugBank.d756.s7.e3|effect
DDI-DrugBank.d756.s7|DDI-DrugBank.d756.s7.e1|DDI-DrugBank.d756.s7.e3|effect
DDI-DrugBank.d756.s7|DDI-DrugBank.d756.s7.e2|DDI-DrugBank.d756.s7.e3|effect
DDI-DrugBank.d736.s3|DDI-DrugBank.d736.s3.e0|DDI-DrugBank.d736.s3.e1|mechanism
DDI-DrugBank.d640.s1|DDI-DrugBank.d640.s1.e0|DDI-DrugBank.d640.s1.e1|advise
DDI-DrugBank.d640.s1|DDI-DrugBank.d640.s1.e0|DDI-DrugBank.d640.s1.e2|advise
DDI-DrugBank.d739.s6|DDI-DrugBank.d739.s6.e0|DDI-DrugBank.d739.s6.e1|mechanism
DDI-DrugBank.d739.s13|DDI-DrugBank.d739.s13.e0|DDI-DrugBank.d739.s13.e1|mechanism
DDI-DrugBank.d737.s6|DDI-DrugBank.d737.s6.e0|DDI-DrugBank.d737.s6.e7|mechanism
DDI-DrugBank.d737.s6|DDI-DrugBank.d737.s6.e1|DDI-DrugBank.d737.s6.e7|mechanism
DDI-DrugBank.d737.s6|DDI-DrugBank.d737.s6.e2|DDI-DrugBank.d737.s6.e7|mechanism
DDI-DrugBank.d737.s6|DDI-DrugBank.d737.s6.e3|DDI-DrugBank.d737.s6.e7|mechanism
DDI-DrugBank.d737.s6|DDI-DrugBank.d737.s6.e4|DDI-DrugBank.d737.s6.e7|mechanism
DDI-DrugBank.d737.s6|DDI-DrugBank.d737.s6.e5|DDI-DrugBank.d737.s6.e7|mechanism
DDI-DrugBank.d737.s6|DDI-DrugBank.d737.s6.e6|DDI-DrugBank.d737.s6.e7|mechanism
DDI-DrugBank.d737.s10|DDI-DrugBank.d737.s10.e3|DDI-DrugBank.d737.s10.e9|effect
DDI-DrugBank.d737.s10|DDI-DrugBank.d737.s10.e4|DDI-DrugBank.d737.s10.e9|effect
DDI-DrugBank.d737.s10|DDI-DrugBank.d737.s10.e5|DDI-DrugBank.d737.s10.e9|effect
DDI-DrugBank.d737.s10|DDI-DrugBank.d737.s10.e6|DDI-DrugBank.d737.s10.e9|effect
DDI-DrugBank.d737.s10|DDI-DrugBank.d737.s10.e7|DDI-DrugBank.d737.s10.e9|effect
DDI-DrugBank.d737.s10|DDI-DrugBank.d737.s10.e8|DDI-DrugBank.d737.s10.e9|effect
DDI-DrugBank.d734.s0|DDI-DrugBank.d734.s0.e0|DDI-DrugBank.d734.s0.e1|effect
DDI-DrugBank.d179.s1|DDI-DrugBank.d179.s1.e0|DDI-DrugBank.d179.s1.e1|int
DDI-DrugBank.d179.s1|DDI-DrugBank.d179.s1.e0|DDI-DrugBank.d179.s1.e2|int
DDI-DrugBank.d639.s2|DDI-DrugBank.d639.s2.e0|DDI-DrugBank.d639.s2.e8|mechanism
DDI-DrugBank.d639.s2|DDI-DrugBank.d639.s2.e1|DDI-DrugBank.d639.s2.e8|mechanism
DDI-DrugBank.d639.s2|DDI-DrugBank.d639.s2.e2|DDI-DrugBank.d639.s2.e8|mechanism
DDI-DrugBank.d639.s2|DDI-DrugBank.d639.s2.e3|DDI-DrugBank.d639.s2.e8|mechanism
DDI-DrugBank.d639.s2|DDI-DrugBank.d639.s2.e4|DDI-DrugBank.d639.s2.e8|mechanism
DDI-DrugBank.d639.s2|DDI-DrugBank.d639.s2.e5|DDI-DrugBank.d639.s2.e8|mechanism
DDI-DrugBank.d639.s2|DDI-DrugBank.d639.s2.e6|DDI-DrugBank.d639.s2.e8|mechanism
DDI-DrugBank.d639.s2|DDI-DrugBank.d639.s2.e7|DDI-DrugBank.d639.s2.e8|mechanism
DDI-DrugBank.d723.s0|DDI-DrugBank.d723.s0.e0|DDI-DrugBank.d723.s0.e5|mechanism
DDI-DrugBank.d723.s0|DDI-DrugBank.d723.s0.e1|DDI-DrugBank.d723.s0.e5|mechanism
DDI-DrugBank.d723.s0|DDI-DrugBank.d723.s0.e2|DDI-DrugBank.d723.s0.e5|mechanism
DDI-DrugBank.d723.s0|DDI-DrugBank.d723.s0.e3|DDI-DrugBank.d723.s0.e5|mechanism
DDI-DrugBank.d723.s0|DDI-DrugBank.d723.s0.e4|DDI-DrugBank.d723.s0.e5|mechanism
DDI-DrugBank.d328.s8|DDI-DrugBank.d328.s8.e1|DDI-DrugBank.d328.s8.e2|effect
DDI-DrugBank.d328.s10|DDI-DrugBank.d328.s10.e1|DDI-DrugBank.d328.s10.e2|effect
DDI-DrugBank.d328.s10|DDI-DrugBank.d328.s10.e1|DDI-DrugBank.d328.s10.e3|effect
DDI-DrugBank.d328.s43|DDI-DrugBank.d328.s43.e0|DDI-DrugBank.d328.s43.e2|mechanism
DDI-DrugBank.d328.s43|DDI-DrugBank.d328.s43.e0|DDI-DrugBank.d328.s43.e3|mechanism
DDI-DrugBank.d328.s43|DDI-DrugBank.d328.s43.e0|DDI-DrugBank.d328.s43.e4|mechanism
DDI-DrugBank.d328.s43|DDI-DrugBank.d328.s43.e0|DDI-DrugBank.d328.s43.e5|mechanism
DDI-DrugBank.d328.s43|DDI-DrugBank.d328.s43.e1|DDI-DrugBank.d328.s43.e2|mechanism
DDI-DrugBank.d328.s43|DDI-DrugBank.d328.s43.e1|DDI-DrugBank.d328.s43.e3|mechanism
DDI-DrugBank.d328.s43|DDI-DrugBank.d328.s43.e1|DDI-DrugBank.d328.s43.e4|mechanism
DDI-DrugBank.d328.s43|DDI-DrugBank.d328.s43.e1|DDI-DrugBank.d328.s43.e5|mechanism
DDI-DrugBank.d328.s48|DDI-DrugBank.d328.s48.e0|DDI-DrugBank.d328.s48.e3|mechanism
DDI-DrugBank.d328.s48|DDI-DrugBank.d328.s48.e1|DDI-DrugBank.d328.s48.e3|mechanism
DDI-DrugBank.d328.s48|DDI-DrugBank.d328.s48.e2|DDI-DrugBank.d328.s48.e3|mechanism
